11281	39324.33	-466.50	-0.01
11296	39474.65	-467.74	-0.01
11313	39624.97	-468.99	-0.01
11329	39782.79	-471.61	-0.02
11344	39925.59	-472.79	-0.01
11361	40075.91	-474.04	-0.01
11377	40233.76	-474.04	0.00
11393	40376.56	-475.22	-0.01
11409	40526.88	-476.47	-0.01
11425	40684.70	-479.09	-0.02
11441	40827.51	-480.27	-0.01
11457	40977.83	-481.52	-0.01
11472	41128.15	-482.77	-0.01
11489	41278.47	-484.01	-0.01
11505	41428.79	-485.26	-0.01
11521	41579.11	-486.51	-0.01
11537	41729.43	-487.75	-0.01
11552	41879.75	-489.00	-0.01
11569	42030.07	-490.25	-0.01
11585	42187.89	-492.87	-0.02
11600	42330.69	-494.05	-0.01
11617	42481.01	-495.30	-0.01
11633	42631.33	-496.54	-0.01
11649	42781.66	-497.79	-0.01
11665	42931.98	-499.04	-0.01
11680	43082.30	-500.28	-0.01
11697	43232.62	-501.53	-0.01
11713	43382.94	-502.78	-0.01
11728	43533.26	-504.02	-0.01
11745	43683.58	-505.27	-0.01
11761	43841.42	-505.27	0.00
11777	43991.73	-507.76	-0.02
11793	44134.53	-508.95	-0.01
11808	44284.85	-510.20	-0.01
11825	44435.17	-511.44	-0.01
11841	44585.49	-512.69	-0.01
11856	44735.81	-513.94	-0.01
11873	44886.13	-515.18	-0.01
11889	45036.45	-516.43	-0.01
11905	45186.77	-517.68	-0.01
11921	45337.09	-518.92	-0.01
11936	45487.41	-520.17	-0.01
11953	45637.73	-521.42	-0.01
11969	45788.05	-522.66	-0.01
11984	45938.37	-523.91	-0.01
12001	46088.69	-525.16	-0.01
12017	46239.01	-526.40	-0.01
12033	46389.33	-527.65	-0.01
12049	46547.18	-527.65	0.00
12065	46689.98	-528.83	-0.01
12081	46840.30	-530.08	-0.01
12097	46998.12	-532.70	-0.02
12112	47140.93	-533.88	-0.01
12129	47291.25	-535.13	-0.01
12145	47449.09	-535.13	0.00
12161	47591.90	-536.32	-0.01
12177	47742.22	-537.56	-0.01
12192	47892.54	-538.81	-0.01
12209	48050.38	-538.81	0.00
12225	48193.19	-539.99	-0.01
12240	48343.51	-541.24	-0.01
12257	48493.83	-542.49	-0.01
12273	48651.67	-542.49	0.00
12289	48794.48	-543.67	-0.01
12305	48944.80	-544.92	-0.01
12320	49095.12	-546.16	-0.01
12337	49245.44	-547.41	-0.01
12353	49395.76	-548.66	-0.01
12368	49553.60	-548.66	0.00
12385	49696.41	-549.84	-0.01
12401	49846.73	-551.09	-0.01
12417	49997.05	-552.34	-0.01
12433	50154.89	-552.34	0.00
12449	50297.69	-553.52	-0.01
12465	50448.01	-554.77	-0.01
12481	50598.33	-556.01	-0.01
12496	50748.66	-557.26	-0.01
12513	50898.98	-558.51	-0.01
12529	51056.82	-558.51	0.00
12545	51207.12	-561.00	-0.02
12561	51349.93	-562.19	-0.01
12576	51500.25	-563.43	-0.01
12593	51650.57	-564.68	-0.01
12609	51800.89	-565.93	-0.01
12624	51958.73	-565.93	0.00
12641	52101.54	-567.11	-0.01
12657	52251.86	-568.36	-0.01
12673	52409.68	-570.97	-0.02
12689	52552.48	-572.16	-0.01
12704	52702.80	-573.41	-0.01
12721	52860.65	-573.41	0.00
12737	53003.45	-574.59	-0.01
12752	53153.77	-575.84	-0.01
12769	53311.59	-578.46	-0.02
12785	53454.40	-579.64	-0.01
12801	53604.72	-580.89	-0.01
12817	53762.56	-580.89	0.00
12833	53905.37	-582.07	-0.01
12849	54055.69	-583.32	-0.01
12865	54213.51	-585.94	-0.02
12880	54356.31	-587.12	-0.01
12897	54506.63	-588.37	-0.01
12913	54664.48	-588.37	0.00
12929	54807.28	-589.55	-0.01
12945	54957.60	-590.80	-0.01
12961	55115.42	-593.42	-0.02
12977	55258.23	-594.60	-0.01
12993	55408.55	-595.85	-0.01
13008	55566.39	-595.85	0.00
13025	55716.69	-598.34	-0.02
13041	55859.50	-599.52	-0.01
13057	56009.82	-600.77	-0.01
13073	56160.14	-602.02	-0.01
13088	56310.46	-603.27	-0.01
13105	56468.30	-603.27	0.00
13121	56618.61	-605.76	-0.02
13136	56761.41	-606.94	-0.01
13153	56911.73	-608.19	-0.01
13169	57062.05	-609.44	-0.01
13185	57212.37	-610.68	-0.01
13201	57362.69	-611.93	-0.01
13217	57520.51	-614.55	-0.02
13233	57670.84	-614.55	0.00
13249	57813.64	-615.73	-0.01
13264	57963.96	-616.98	-0.01
13281	58121.78	-619.60	-0.02
13297	58264.59	-620.78	-0.01
13313	58414.91	-622.03	-0.01
13329	58565.23	-623.28	-0.01
13345	58723.05	-625.89	-0.02
13361	58873.37	-625.89	0.00
13377	59016.18	-627.08	-0.01
13392	59166.50	-628.32	-0.01
13409	59324.32	-630.94	-0.02
13425	59467.12	-632.13	-0.01
13441	59617.44	-633.37	-0.01
13457	59767.76	-634.62	-0.01
13472	59925.58	-637.24	-0.02
13489	60068.39	-638.42	-0.01
13505	60218.71	-639.67	-0.01
13520	60384.06	-641.04	-0.01
13537	60526.85	-643.41	-0.02
13553	60624.56	-644.22	-0.01
13569	60654.62	-644.47	-0.01
13585	60669.65	-644.59	-0.01
13601	60677.17	-644.72	-0.02
13617	60692.19	-645.22	-0.03
13633	60707.21	-645.97	-0.05
13648	60714.71	-646.40	-0.06
13665	60714.71	-646.40	-0.06
13681	60714.71	-646.40	-0.06
13697	60714.71	-646.40	-0.06
13713	60714.71	-646.40	-0.06
13728	60714.71	-646.40	-0.06
13745	60714.71	-646.40	-0.06
13761	60714.71	-646.40	-0.06
13776	60714.71	-646.40	-0.06
13793	60714.71	-646.40	-0.06
13809	60714.71	-646.40	-0.06
13825	60714.71	-646.40	-0.06
13841	60714.71	-646.40	-0.06
13856	60714.71	-646.40	-0.06
13873	60714.71	-646.40	-0.06
13889	60714.71	-646.40	-0.06
13904	60714.71	-646.40	-0.06
13921	60714.71	-646.40	-0.06
13937	60714.71	-646.40	-0.06
13953	60714.71	-646.40	-0.06
13969	60714.71	-646.40	-0.06
13984	60714.71	-646.40	-0.06
14001	60714.71	-646.40	-0.06
14017	60714.71	-646.40	-0.06
14032	60714.71	-646.40	-0.06
14049	60714.71	-646.40	-0.06
14065	60714.71	-646.40	-0.06
14081	60714.71	-646.40	-0.06
14097	60714.71	-646.40	-0.06
14112	60714.71	-646.40	-0.06
14129	60714.71	-646.40	-0.06
14145	60714.71	-646.40	-0.06
14160	60714.71	-646.40	-0.06
14177	60714.71	-646.40	-0.06
14193	60714.71	-646.40	-0.06
14209	60714.71	-646.40	-0.06
14225	60714.71	-646.40	-0.06
14240	60714.71	-646.40	-0.06
14257	60714.71	-646.40	-0.06
14273	60714.71	-646.40	-0.06
14288	60714.71	-646.40	-0.06
14305	60714.71	-646.40	-0.06
14321	60714.71	-646.40	-0.06
14337	60714.71	-646.40	-0.06
14353	60714.71	-646.40	-0.06
14368	60714.71	-646.40	-0.06
14385	60714.71	-646.40	-0.06
14401	60714.71	-646.40	-0.06
14416	60714.71	-646.40	-0.06
14433	60714.71	-646.40	-0.06
14449	60714.71	-646.40	-0.06
14465	60714.71	-646.40	-0.06
14481	60714.71	-646.40	-0.06
14496	60714.71	-646.40	-0.06
14513	60714.71	-646.40	-0.06
14529	60714.71	-646.40	-0.06
14544	60714.71	-646.40	-0.06
14561	60714.71	-646.40	-0.06
14577	60714.71	-646.40	-0.06
14593	60714.71	-646.40	-0.06
14609	60714.71	-646.40	-0.06
14624	60714.71	-646.40	-0.06
14641	60714.71	-646.40	-0.06
14657	60714.71	-646.40	-0.06
14672	60714.71	-646.40	-0.06
14689	60714.71	-646.40	-0.06
14705	60714.71	-646.40	-0.06
14721	60714.71	-646.40	-0.06
14737	60714.71	-646.40	-0.06
14752	60714.71	-646.40	-0.06
14769	60714.71	-646.40	-0.06
14785	60714.71	-646.40	-0.06
14800	60714.71	-646.40	-0.06
14817	60714.71	-646.40	-0.06
14833	60714.71	-646.40	-0.06
14849	60714.71	-646.40	-0.06
14865	60714.71	-646.40	-0.06
14880	60714.71	-646.40	-0.06
14897	60714.71	-646.40	-0.06
14913	60714.71	-646.40	-0.06
14928	60714.71	-646.40	-0.06
14945	60714.71	-646.40	-0.06
14961	60714.71	-646.40	-0.06
14977	60714.71	-646.40	-0.06
14993	60714.71	-646.40	-0.06
15008	60714.71	-646.40	-0.06
15025	60714.71	-646.40	-0.06
15041	60714.71	-646.40	-0.06
15056	60714.71	-646.40	-0.06
15073	60714.71	-646.40	-0.06
15089	60714.71	-646.40	-0.06
15105	60714.71	-646.40	-0.06
15121	60714.71	-646.40	-0.06
15136	60714.71	-646.40	-0.06
15153	60714.71	-646.40	-0.06
15169	60714.71	-646.40	-0.06
15184	60714.71	-646.40	-0.06
15201	60714.71	-646.40	-0.06
15217	60714.71	-646.40	-0.06
15233	60714.71	-646.40	-0.06
15249	60714.71	-646.40	-0.06
15264	60714.71	-646.40	-0.06
15281	60714.71	-646.40	-0.06
15297	60714.71	-646.40	-0.06
15312	60714.71	-646.40	-0.06
15329	60714.71	-646.40	-0.06
15345	60714.71	-646.40	-0.06
15361	60714.71	-646.40	-0.06
15377	60714.71	-646.40	-0.06
15392	60714.71	-646.40	-0.06
15409	60714.71	-646.40	-0.06
15425	60714.71	-646.40	-0.06
15440	60714.71	-646.40	-0.06
15457	60714.71	-646.40	-0.06
15473	60714.71	-646.40	-0.06
15489	60714.71	-646.40	-0.06
15505	60714.71	-646.40	-0.06
15520	60714.71	-646.40	-0.06
15537	60714.71	-646.40	-0.06
15553	60714.71	-646.40	-0.06
15568	60714.71	-646.40	-0.06
15585	60714.71	-646.40	-0.06
15601	60714.71	-646.40	-0.06
15617	60714.71	-646.40	-0.06
15633	60714.71	-646.40	-0.06
15648	60714.71	-646.40	-0.06
15665	60714.71	-646.40	-0.06
15681	60714.71	-646.40	-0.06
15696	60714.71	-646.40	-0.06
15713	60714.71	-646.40	-0.06
15729	60714.71	-646.40	-0.06
15745	60714.71	-646.40	-0.06
15761	60714.71	-646.40	-0.06
15776	60714.71	-646.40	-0.06
15793	60714.71	-646.40	-0.06
15809	60714.71	-646.40	-0.06
15824	60714.71	-646.40	-0.06
15841	60714.71	-646.40	-0.06
15857	60714.71	-646.40	-0.06
15873	60714.71	-646.40	-0.06
15889	60714.71	-646.40	-0.06
15904	60714.71	-646.40	-0.06
15921	60714.71	-646.40	-0.06
15937	60714.71	-646.40	-0.06
15952	60714.71	-646.40	-0.06
15969	60714.71	-646.40	-0.06
15985	60714.71	-646.40	-0.06
16001	60714.71	-646.40	-0.06
16017	60714.71	-646.40	-0.06
16032	60714.71	-646.40	-0.06
16049	60714.71	-646.40	-0.06
16065	60714.71	-646.40	-0.06
16080	60714.71	-646.40	-0.06
16097	60714.71	-646.40	-0.06
16113	60714.71	-646.40	-0.06
16129	60714.71	-646.40	-0.06
16145	60714.71	-646.40	-0.06
16160	60714.71	-646.40	-0.06
16177	60714.71	-646.40	-0.06
16193	60714.71	-646.40	-0.06
16208	60714.71	-646.40	-0.06
16225	60714.71	-646.40	-0.06
16241	60714.71	-646.40	-0.06
16257	60714.71	-646.40	-0.06
16273	60714.71	-646.40	-0.06
16288	60714.71	-646.40	-0.06
16305	60714.71	-646.40	-0.06
16321	60714.71	-646.40	-0.06
16336	60714.71	-646.40	-0.06
16353	60714.71	-646.40	-0.06
16369	60714.71	-646.40	-0.06
16385	60714.71	-646.40	-0.06
16401	60714.71	-646.40	-0.06
16416	60714.71	-646.40	-0.06
16433	60714.71	-646.40	-0.06
16449	60714.71	-646.40	-0.06
16464	60714.71	-646.40	-0.06
16481	60714.71	-646.40	-0.06
16497	60714.71	-646.40	-0.06
16513	60714.71	-646.40	-0.06
16529	60714.71	-646.40	-0.06
16544	60714.71	-646.40	-0.06
16561	60714.71	-646.40	-0.06
16577	60714.71	-646.40	-0.06
16592	60714.71	-646.40	-0.06
16609	60714.71	-646.40	-0.06
16625	60714.71	-646.40	-0.06
16641	60714.71	-646.40	-0.06
16657	60714.71	-646.40	-0.06
16672	60714.71	-646.40	-0.06
16689	60714.71	-646.40	-0.06
16705	60714.71	-646.40	-0.06
16720	60714.71	-646.40	-0.06
16737	60714.71	-646.40	-0.06
16753	60714.71	-646.40	-0.06
16769	60714.71	-646.40	-0.06
16785	60714.71	-646.40	-0.06
16800	60714.71	-646.40	-0.06
16817	60714.71	-646.40	-0.06
16833	60714.71	-646.40	-0.06
16848	60714.71	-646.40	-0.06
16865	60714.71	-646.40	-0.06
16881	60714.71	-646.40	-0.06
16897	60714.71	-646.40	-0.06
16913	60714.71	-646.40	-0.06
16928	60714.71	-646.40	-0.06
16945	60714.71	-646.40	-0.06
16961	60714.71	-646.40	-0.06
16976	60714.71	-646.40	-0.06
16993	60714.71	-646.40	-0.06
17009	60714.71	-646.40	-0.06
17025	60714.71	-646.40	-0.06
17041	60714.71	-646.40	-0.06
17056	60714.71	-646.40	-0.06
17073	60714.71	-646.40	-0.06
17089	60714.71	-646.40	-0.06
17104	60714.71	-646.40	-0.06
17121	60714.71	-646.40	-0.06
17137	60714.71	-646.40	-0.06
17153	60714.71	-646.40	-0.06
17169	60714.71	-646.40	-0.06
17184	60714.71	-646.40	-0.06
17201	60714.71	-646.40	-0.06
17217	60714.71	-646.40	-0.06
17232	60714.71	-646.40	-0.06
17249	60714.71	-646.40	-0.06
17265	60714.71	-646.40	-0.06
17281	60714.71	-646.40	-0.06
17297	60714.71	-646.40	-0.06
17312	60714.71	-646.40	-0.06
17329	60714.71	-646.40	-0.06
17345	60714.71	-646.40	-0.06
17360	60714.71	-646.40	-0.06
17377	60714.71	-646.40	-0.06
17393	60714.71	-646.40	-0.06
17409	60714.71	-646.40	-0.06
17425	60714.71	-646.40	-0.06
17440	60714.71	-646.40	-0.06
17457	60714.71	-646.40	-0.06
17473	60714.71	-646.40	-0.06
17488	60714.71	-646.40	-0.06
17505	60714.71	-646.40	-0.06
17521	60714.71	-646.40	-0.06
17537	60714.71	-646.40	-0.06
17553	60714.71	-646.40	-0.06
17568	60714.71	-646.40	-0.06
17585	60714.71	-646.40	-0.06
17601	60714.71	-646.40	-0.06
17616	60714.71	-646.40	-0.06
17633	60714.71	-646.40	-0.06
17649	60714.71	-646.40	-0.06
17665	60714.71	-646.40	-0.06
17681	60714.71	-646.40	-0.06
17696	60714.71	-646.40	-0.06
17713	60714.71	-646.40	-0.06
17729	60714.71	-646.40	-0.06
17744	60714.71	-646.40	-0.06
17761	60714.71	-646.40	-0.06
17777	60714.71	-646.40	-0.06
17793	60714.71	-646.40	-0.06
17809	60714.71	-646.40	-0.06
17824	60714.71	-646.40	-0.06
17841	60714.71	-646.40	-0.06
17857	60714.71	-646.40	-0.06
17872	60714.71	-646.40	-0.06
17889	60714.71	-646.40	-0.06
17905	60714.71	-646.40	-0.06
17921	60714.71	-646.40	-0.06
17937	60714.71	-646.40	-0.06
17952	60714.71	-646.40	-0.06
17969	60714.71	-646.40	-0.06
17985	60714.71	-646.40	-0.06
18000	60714.71	-646.40	-0.06
18017	60714.71	-646.40	-0.06
18033	60714.71	-646.40	-0.06
18049	60714.71	-646.40	-0.06
18065	60714.71	-646.40	-0.06
18080	60714.71	-646.40	-0.06
18097	60714.71	-646.40	-0.06
18113	60714.71	-646.40	-0.06
18128	60714.71	-646.40	-0.06
18145	60714.71	-646.40	-0.06
18161	60714.71	-646.40	-0.06
18177	60714.71	-646.40	-0.06
18193	60714.71	-646.40	-0.06
18208	60714.71	-646.40	-0.06
18225	60714.71	-646.40	-0.06
18241	60714.71	-646.40	-0.06
18256	60714.71	-646.40	-0.06
18273	60714.71	-646.40	-0.06
18289	60714.71	-646.40	-0.06
18305	60714.71	-646.40	-0.06
18321	60714.71	-646.40	-0.06
18336	60714.71	-646.40	-0.06
18353	60714.71	-646.40	-0.06
18369	60714.71	-646.40	-0.06
18384	60714.71	-646.40	-0.06
18401	60714.71	-646.40	-0.06
18417	60714.71	-646.40	-0.06
18433	60714.71	-646.40	-0.06
18449	60714.71	-646.40	-0.06
18464	60714.71	-646.40	-0.06
18481	60714.71	-646.40	-0.06
18497	60714.71	-646.40	-0.06
18512	60714.71	-646.40	-0.06
18529	60714.71	-646.40	-0.06
18545	60714.71	-646.40	-0.06
18561	60714.71	-646.40	-0.06
18577	60714.71	-646.40	-0.06
18592	60714.71	-646.40	-0.06
18609	60714.71	-646.40	-0.06
18625	60714.71	-646.40	-0.06
18640	60714.71	-646.40	-0.06
18657	60714.71	-646.40	-0.06
18673	60714.71	-646.40	-0.06
18689	60714.71	-646.40	-0.06
18705	60714.71	-646.40	-0.06
18720	60714.71	-646.40	-0.06
18737	60714.71	-646.40	-0.06
18753	60714.71	-646.40	-0.06
18768	60714.71	-646.40	-0.06
18785	60714.71	-646.40	-0.06
18801	60714.71	-646.40	-0.06
18817	60714.71	-646.40	-0.06
18833	60714.71	-646.40	-0.06
18848	60714.71	-646.40	-0.06
18865	60714.71	-646.40	-0.06
18881	60714.71	-646.40	-0.06
18896	60714.71	-646.40	-0.06
18913	60714.71	-646.40	-0.06
18929	60714.71	-646.40	-0.06
18945	60714.71	-646.40	-0.06
18961	60714.71	-646.40	-0.06
18976	60714.71	-646.40	-0.06
18993	60714.71	-646.40	-0.06
19009	60714.71	-646.40	-0.06
19024	60714.71	-646.40	-0.06
19041	60714.71	-646.40	-0.06
19057	60714.71	-646.40	-0.06
19073	60714.71	-646.40	-0.06
19089	60714.71	-646.40	-0.06
19104	60714.71	-646.40	-0.06
19121	60714.71	-646.40	-0.06
19137	60714.71	-646.40	-0.06
19152	60714.71	-646.40	-0.06
19169	60714.71	-646.40	-0.06
19185	60714.71	-646.40	-0.06
19201	60714.71	-646.40	-0.06
19217	60714.71	-646.40	-0.06
19232	60714.71	-646.40	-0.06
19249	60714.71	-646.40	-0.06
19265	60714.71	-646.40	-0.06
19280	60714.71	-646.40	-0.06
19297	60714.71	-646.40	-0.06
19313	60714.71	-646.40	-0.06
19329	60714.71	-646.40	-0.06
19345	60714.71	-646.40	-0.06
19360	60714.71	-646.40	-0.06
19377	60714.71	-646.40	-0.06
19393	60714.71	-646.40	-0.06
19408	60714.71	-646.40	-0.06
19425	60714.71	-646.40	-0.06
19441	60714.71	-646.40	-0.06
19457	60714.71	-646.40	-0.06
19473	60714.71	-646.40	-0.06
19488	60714.71	-646.40	-0.06
19505	60714.71	-646.40	-0.06
19521	60714.71	-646.40	-0.06
19536	60714.71	-646.40	-0.06
19553	60714.71	-646.40	-0.06
19569	60714.71	-646.40	-0.06
19585	60714.71	-646.40	-0.06
19601	60714.71	-646.40	-0.06
19616	60714.71	-646.40	-0.06
19633	60714.71	-646.40	-0.06
19649	60714.71	-646.40	-0.06
19664	60714.71	-646.40	-0.06
19681	60714.71	-646.40	-0.06
19697	60714.71	-646.40	-0.06
19713	60714.71	-646.40	-0.06
19729	60714.71	-646.40	-0.06
19744	60714.71	-646.40	-0.06
19761	60714.71	-646.40	-0.06
19777	60714.71	-646.40	-0.06
19792	60714.71	-646.40	-0.06
19809	60714.71	-646.40	-0.06
19825	60714.71	-646.40	-0.06
19841	60714.71	-646.40	-0.06
19857	60714.71	-646.40	-0.06
19872	60714.71	-646.40	-0.06
19889	60714.71	-646.40	-0.06
19905	60714.71	-646.40	-0.06
19920	60714.71	-646.40	-0.06
19937	60714.71	-646.40	-0.06
19953	60714.71	-646.40	-0.06
19969	60714.71	-646.40	-0.06
19985	60714.71	-646.40	-0.06
20000	60714.71	-646.40	-0.06
20017	60714.71	-646.40	-0.06
20033	60714.71	-646.40	-0.06
20048	60714.71	-646.40	-0.06
20065	60714.71	-646.40	-0.06
20081	60714.71	-646.40	-0.06
20097	60714.71	-646.40	-0.06
20113	60714.71	-646.40	-0.06
20128	60714.71	-646.40	-0.06
20145	60714.71	-646.40	-0.06
20161	60714.71	-646.40	-0.06
20176	60714.71	-646.40	-0.06
20193	60714.71	-646.40	-0.06
20209	60714.71	-646.40	-0.06
20225	60714.71	-646.40	-0.06
20241	60714.71	-646.40	-0.06
20256	60714.71	-646.40	-0.06
20273	60714.71	-646.40	-0.06
20289	60714.71	-646.40	-0.06
20304	60714.71	-646.40	-0.06
20321	60714.71	-646.40	-0.06
20337	60714.71	-646.40	-0.06
20353	60714.71	-646.40	-0.06
20369	60714.71	-646.40	-0.06
20384	60714.71	-646.40	-0.06
20401	60714.71	-646.40	-0.06
20417	60714.71	-646.40	-0.06
20432	60714.71	-646.40	-0.06
20449	60714.71	-646.40	-0.06
20465	60714.71	-646.40	-0.06
20481	60714.71	-646.40	-0.06
20497	60714.71	-646.40	-0.06
20512	60714.71	-646.40	-0.06
20529	60714.71	-646.40	-0.06
20545	60714.71	-646.40	-0.06
20560	60714.71	-646.40	-0.06
20577	60714.71	-646.40	-0.06
20593	60714.71	-646.40	-0.06
20609	60714.71	-646.40	-0.06
20625	60714.71	-646.40	-0.06
20640	60714.71	-646.40	-0.06
20657	60714.71	-646.40	-0.06
20673	60714.71	-646.40	-0.06
20688	60714.71	-646.40	-0.06
20705	60714.71	-646.40	-0.06
20721	60714.71	-646.40	-0.06
20737	60714.71	-646.40	-0.06
20753	60714.71	-646.40	-0.06
20768	60714.71	-646.40	-0.06
20785	60714.71	-646.40	-0.06
20801	60714.71	-646.40	-0.06
20816	60714.71	-646.40	-0.06
20833	60714.71	-646.40	-0.06
20849	60714.71	-646.40	-0.06
20865	60714.71	-646.40	-0.06
20881	60714.71	-646.40	-0.06
20896	60714.71	-646.40	-0.06
20913	60714.71	-646.40	-0.06
20929	60714.71	-646.40	-0.06
20944	60714.71	-646.40	-0.06
20961	60714.71	-646.40	-0.06
20977	60714.71	-646.40	-0.06
20993	60714.71	-646.40	-0.06
21009	60714.71	-646.40	-0.06
21024	60714.71	-646.40	-0.06
21041	60714.71	-646.40	-0.06
21057	60714.71	-646.40	-0.06
21072	60714.71	-646.40	-0.06
21089	60714.71	-646.40	-0.06
21105	60714.71	-646.40	-0.06
21121	60714.71	-646.40	-0.06
21137	60714.71	-646.40	-0.06
21152	60714.71	-646.40	-0.06
21169	60714.71	-646.40	-0.06
21185	60714.71	-646.40	-0.06
21200	60714.71	-646.40	-0.06
21217	60714.71	-646.40	-0.06
21233	60714.71	-646.40	-0.06
21249	60714.71	-646.40	-0.06
21265	60714.71	-646.40	-0.06
21280	60714.71	-646.40	-0.06
21297	60714.71	-646.40	-0.06
21313	60714.71	-646.40	-0.06
21328	60714.71	-646.40	-0.06
21345	60714.71	-646.40	-0.06
21361	60714.71	-646.40	-0.06
21377	60714.71	-646.40	-0.06
21393	60714.71	-646.40	-0.06
21408	60714.71	-646.40	-0.06
21425	60714.71	-646.40	-0.06
21441	60714.71	-646.40	-0.06
21456	60714.71	-646.40	-0.06
21473	60714.71	-646.40	-0.06
21489	60714.71	-646.40	-0.06
21505	60714.71	-646.40	-0.06
21521	60714.71	-646.40	-0.06
21536	60714.71	-646.40	-0.06
21553	60714.71	-646.40	-0.06
21569	60714.71	-646.40	-0.06
21584	60714.71	-646.40	-0.06
21601	60714.71	-646.40	-0.06
21617	60714.71	-646.40	-0.06
21633	60714.71	-646.40	-0.06
21649	60714.71	-646.40	-0.06
21664	60714.71	-646.40	-0.06
21681	60714.71	-646.40	-0.06
21697	60714.71	-646.40	-0.06
21712	60714.71	-646.40	-0.06
21729	60714.71	-646.40	-0.06
21745	60714.71	-646.40	-0.06
21761	60714.71	-646.40	-0.06
21777	60714.71	-646.40	-0.06
21792	60714.71	-646.40	-0.06
21809	60714.71	-646.40	-0.06
21825	60714.71	-646.40	-0.06
21840	60714.71	-646.40	-0.06
21857	60714.71	-646.40	-0.06
21873	60714.71	-646.40	-0.06
21889	60714.71	-646.40	-0.06
21905	60714.71	-646.40	-0.06
21920	60714.71	-646.40	-0.06
21937	60714.71	-646.40	-0.06
21953	60714.71	-646.40	-0.06
21968	60714.71	-646.40	-0.06
21985	60714.71	-646.40	-0.06
22001	60714.71	-646.40	-0.06
22017	60714.71	-646.40	-0.06
22033	60714.71	-646.40	-0.06
22048	60714.71	-646.40	-0.06
22065	60714.71	-646.40	-0.06
22081	60714.71	-646.40	-0.06
22096	60714.71	-646.40	-0.06
22113	60714.71	-646.40	-0.06
22129	60714.71	-646.40	-0.06
22145	60714.71	-646.40	-0.06
22161	60714.71	-646.40	-0.06
22176	60714.71	-646.40	-0.06
22193	60714.71	-646.40	-0.06
22209	60714.71	-646.40	-0.06
22224	60714.71	-646.40	-0.06
22241	60714.71	-646.40	-0.06
22257	60714.71	-646.40	-0.06
22273	60714.71	-646.40	-0.06
22289	60714.71	-646.40	-0.06
22304	60714.71	-646.40	-0.06
22321	60714.71	-646.40	-0.06
22337	60714.71	-646.40	-0.06
22352	60714.71	-646.40	-0.06
22369	60714.71	-646.40	-0.06
22385	60714.71	-646.40	-0.06
22401	60714.71	-646.40	-0.06
22417	60714.71	-646.40	-0.06
22432	60714.71	-646.40	-0.06
22449	60714.71	-646.40	-0.06
22465	60714.71	-646.40	-0.06
22480	60714.71	-646.40	-0.06
22497	60714.71	-646.40	-0.06
22513	60714.71	-646.40	-0.06
22529	60714.71	-646.40	-0.06
22545	60714.71	-646.40	-0.06
22560	60714.71	-646.40	-0.06
22577	60714.71	-646.40	-0.06
22593	60714.71	-646.40	-0.06
22608	60714.71	-646.40	-0.06
22625	60714.71	-646.40	-0.06
22641	60714.71	-646.40	-0.06
22657	60714.71	-646.40	-0.06
22673	60714.71	-646.40	-0.06
22688	60714.71	-646.40	-0.06
22705	60714.71	-646.40	-0.06
22721	60714.71	-646.40	-0.06
22736	60714.71	-646.40	-0.06
22753	60714.71	-646.40	-0.06
22769	60714.71	-646.40	-0.06
22785	60714.71	-646.40	-0.06
22801	60714.71	-646.40	-0.06
22816	60714.71	-646.40	-0.06
22833	60714.71	-646.40	-0.06
22849	60714.71	-646.40	-0.06
22864	60714.71	-646.40	-0.06
22881	60714.71	-646.40	-0.06
22897	60714.71	-646.40	-0.06
22913	60714.71	-646.40	-0.06
22929	60714.71	-646.40	-0.06
22944	60714.71	-646.40	-0.06
22961	60714.71	-646.40	-0.06
22977	60714.71	-646.40	-0.06
22992	60714.71	-646.40	-0.06
23009	60714.71	-646.40	-0.06
23025	60714.71	-646.40	-0.06
23041	60714.71	-646.40	-0.06
23057	60714.71	-646.40	-0.06
23072	60714.71	-646.40	-0.06
23089	60714.71	-646.40	-0.06
23105	60714.71	-646.40	-0.06
23120	60714.71	-646.40	-0.06
23137	60714.71	-646.40	-0.06
23153	60714.71	-646.40	-0.06
23169	60714.71	-646.40	-0.06
23185	60714.71	-646.40	-0.06
23200	60714.71	-646.40	-0.06
23217	60714.71	-646.40	-0.06
23233	60714.71	-646.40	-0.06
23248	60714.71	-646.40	-0.06
23265	60714.71	-646.40	-0.06
23281	60714.71	-646.40	-0.06
23297	60714.71	-646.40	-0.06
23313	60714.71	-646.40	-0.06
23328	60714.71	-646.40	-0.06
23345	60714.71	-646.40	-0.06
23361	60714.71	-646.40	-0.06
23376	60714.71	-646.40	-0.06
23393	60714.71	-646.40	-0.06
23409	60714.71	-646.40	-0.06
23425	60714.71	-646.40	-0.06
23441	60714.71	-646.40	-0.06
23456	60714.71	-646.40	-0.06
23473	60714.71	-646.40	-0.06
23489	60714.71	-646.40	-0.06
23504	60714.71	-646.40	-0.06
23521	60714.71	-646.40	-0.06
23537	60714.71	-646.40	-0.06
23553	60714.71	-646.40	-0.06
23569	60714.71	-646.40	-0.06
23584	60714.71	-646.40	-0.06
23601	60714.71	-646.40	-0.06
23617	60714.71	-646.40	-0.06
23632	60714.71	-646.40	-0.06
23649	60714.71	-646.40	-0.06
23665	60714.71	-646.40	-0.06
23681	60714.71	-646.40	-0.06
23697	60714.71	-646.40	-0.06
23712	60714.71	-646.40	-0.06
23729	60714.71	-646.40	-0.06
23745	60714.71	-646.40	-0.06
23760	60714.71	-646.40	-0.06
23777	60714.71	-646.40	-0.06
23793	60714.71	-646.40	-0.06
23809	60714.71	-646.40	-0.06
23825	60714.71	-646.40	-0.06
23840	60714.71	-646.40	-0.06
23857	60714.71	-646.40	-0.06
23873	60714.71	-646.40	-0.06
23888	60714.71	-646.40	-0.06
23905	60714.71	-646.40	-0.06
23921	60714.71	-646.40	-0.06
23937	60714.71	-646.40	-0.06
23953	60714.71	-646.40	-0.06
23968	60714.71	-646.40	-0.06
23985	60714.71	-646.40	-0.06
24001	60714.71	-646.40	-0.06
24016	60714.71	-646.40	-0.06
24033	60714.71	-646.40	-0.06
24049	60714.71	-646.40	-0.06
24065	60714.71	-646.40	-0.06
24081	60714.71	-646.40	-0.06
24096	60714.71	-646.40	-0.06
24113	60714.71	-646.40	-0.06
24129	60714.71	-646.40	-0.06
24144	60714.71	-646.40	-0.06
24161	60714.71	-646.40	-0.06
24177	60714.71	-646.40	-0.06
24193	60714.71	-646.40	-0.06
24209	60714.71	-646.40	-0.06
24224	60714.71	-646.40	-0.06
24241	60714.71	-646.40	-0.06
24257	60714.71	-646.40	-0.06
24272	60714.71	-646.40	-0.06
24289	60714.71	-646.40	-0.06
24305	60714.71	-646.40	-0.06
24321	60714.71	-646.40	-0.06
24337	60714.71	-646.40	-0.06
24352	60714.71	-646.40	-0.06
24369	60714.71	-646.40	-0.06
24385	60714.71	-646.40	-0.06
24400	60714.71	-646.40	-0.06
24417	60714.71	-646.40	-0.06
24433	60714.71	-646.40	-0.06
24449	60714.71	-646.40	-0.06
24465	60714.71	-646.40	-0.06
24480	60714.71	-646.40	-0.06
24497	60714.71	-646.40	-0.06
24513	60714.71	-646.40	-0.06
24528	60714.71	-646.40	-0.06
24545	60714.71	-646.40	-0.06
24561	60714.71	-646.40	-0.06
24577	60714.71	-646.40	-0.06
24593	60714.71	-646.40	-0.06
24608	60714.71	-646.40	-0.06
24625	60714.71	-646.40	-0.06
24641	60714.71	-646.40	-0.06
24656	60714.71	-646.40	-0.06
24673	60714.71	-646.40	-0.06
24689	60714.71	-646.40	-0.06
24705	60714.71	-646.40	-0.06
24721	60714.71	-646.40	-0.06
24736	60714.71	-646.40	-0.06
24753	60714.71	-646.40	-0.06
24769	60714.71	-646.40	-0.06
24784	60714.71	-646.40	-0.06
24801	60714.71	-646.40	-0.06
24817	60714.71	-646.40	-0.06
24833	60714.71	-646.40	-0.06
24849	60714.71	-646.40	-0.06
24864	60714.71	-646.40	-0.06
24881	60714.71	-646.40	-0.06
24897	60714.71	-646.40	-0.06
24912	60714.71	-646.40	-0.06
24929	60714.71	-646.40	-0.06
24945	60714.71	-646.40	-0.06
24961	60714.71	-646.40	-0.06
24977	60714.71	-646.40	-0.06
24992	60714.71	-646.40	-0.06
25009	60714.71	-646.40	-0.06
25025	60714.71	-646.40	-0.06
25040	60714.71	-646.40	-0.06
25057	60714.71	-646.40	-0.06
25073	60714.71	-646.40	-0.06
25089	60714.71	-646.40	-0.06
25105	60714.71	-646.40	-0.06
25120	60714.71	-646.40	-0.06
25137	60714.71	-646.40	-0.06
25153	60714.71	-646.40	-0.06
25168	60714.71	-646.40	-0.06
25185	60714.71	-646.40	-0.06
25201	60714.71	-646.40	-0.06
25217	60714.71	-646.40	-0.06
25233	60714.71	-646.40	-0.06
25248	60714.71	-646.40	-0.06
25265	60714.71	-646.40	-0.06
25281	60714.71	-646.40	-0.06
25296	60714.71	-646.40	-0.06
25313	60714.71	-646.40	-0.06
25329	60714.71	-646.40	-0.06
25345	60714.71	-646.40	-0.06
25361	60714.71	-646.40	-0.06
25376	60714.71	-646.40	-0.06
25393	60714.71	-646.40	-0.06
25409	60714.71	-646.40	-0.06
25424	60714.71	-646.40	-0.06
25441	60714.71	-646.40	-0.06
25457	60714.71	-646.40	-0.06
25473	60714.71	-646.40	-0.06
25489	60714.71	-646.40	-0.06
25504	60714.71	-646.40	-0.06
25521	60714.71	-646.40	-0.06
25537	60714.71	-646.40	-0.06
25552	60714.71	-646.40	-0.06
25569	60714.71	-646.40	-0.06
25585	60714.71	-646.40	-0.06
25601	60714.71	-646.40	-0.06
25617	60714.71	-646.40	-0.06
25632	60714.71	-646.40	-0.06
25649	60714.71	-646.40	-0.06
25665	60714.71	-646.40	-0.06
25680	60714.71	-646.40	-0.06
25697	60714.71	-646.40	-0.06
25713	60714.71	-646.40	-0.06
25729	60714.71	-646.40	-0.06
25745	60714.71	-646.40	-0.06
25760	60714.71	-646.40	-0.06
25777	60714.71	-646.40	-0.06
25793	60714.71	-646.40	-0.06
25808	60714.71	-646.40	-0.06
25825	60714.71	-646.40	-0.06
25841	60714.71	-646.40	-0.06
25857	60714.71	-646.40	-0.06
25873	60714.71	-646.40	-0.06
25888	60714.71	-646.40	-0.06
25905	60714.71	-646.40	-0.06
25921	60714.71	-646.40	-0.06
25936	60714.71	-646.40	-0.06
25953	60714.71	-646.40	-0.06
25969	60714.71	-646.40	-0.06
25985	60714.71	-646.40	-0.06
26001	60714.71	-646.40	-0.06
26016	60714.71	-646.40	-0.06
26033	60714.71	-646.40	-0.06
26049	60714.71	-646.40	-0.06
26064	60714.71	-646.40	-0.06
26081	60714.71	-646.40	-0.06
26097	60714.71	-646.40	-0.06
26113	60714.71	-646.40	-0.06
26129	60714.71	-646.40	-0.06
26144	60714.71	-646.40	-0.06
26161	60714.71	-646.40	-0.06
26177	60714.71	-646.40	-0.06
26192	60714.71	-646.40	-0.06
26209	60714.71	-646.40	-0.06
26225	60714.71	-646.40	-0.06
26241	60714.71	-646.40	-0.06
26257	60714.71	-646.40	-0.06
26272	60714.71	-646.40	-0.06
26289	60714.71	-646.40	-0.06
26305	60714.71	-646.40	-0.06
26320	60714.71	-646.40	-0.06
26337	60714.71	-646.40	-0.06
26353	60714.71	-646.40	-0.06
26369	60714.71	-646.40	-0.06
26385	60714.71	-646.40	-0.06
26400	60714.71	-646.40	-0.06
26417	60714.71	-646.40	-0.06
26433	60714.71	-646.40	-0.06
26448	60714.71	-646.40	-0.06
26465	60714.71	-646.40	-0.06
26481	60714.71	-646.40	-0.06
26497	60714.71	-646.40	-0.06
26513	60714.71	-646.40	-0.06
26528	60714.71	-646.40	-0.06
26545	60714.71	-646.40	-0.06
26561	60714.71	-646.40	-0.06
26576	60714.71	-646.40	-0.06
26593	60714.71	-646.40	-0.06
26609	60714.71	-646.40	-0.06
26625	60714.71	-646.40	-0.06
26641	60714.71	-646.40	-0.06
26656	60714.71	-646.40	-0.06
26673	60714.71	-646.40	-0.06
26689	60714.71	-646.40	-0.06
26704	60714.71	-646.40	-0.06
26721	60714.71	-646.40	-0.06
26737	60714.71	-646.40	-0.06
26753	60714.71	-646.40	-0.06
26769	60714.71	-646.40	-0.06
26784	60714.71	-646.40	-0.06
26801	60714.71	-646.40	-0.06
26817	60714.71	-646.40	-0.06
26832	60714.71	-646.40	-0.06
26849	60714.71	-646.40	-0.06
26865	60714.71	-646.40	-0.06
26881	60714.71	-646.40	-0.06
26897	60714.71	-646.40	-0.06
26912	60714.71	-646.40	-0.06
26929	60714.71	-646.40	-0.06
26945	60714.71	-646.40	-0.06
26960	60714.71	-646.40	-0.06
26977	60714.71	-646.40	-0.06
26993	60714.71	-646.40	-0.06
27009	60714.71	-646.40	-0.06
27025	60714.71	-646.40	-0.06
27040	60714.71	-646.40	-0.06
27057	60714.71	-646.40	-0.06
27073	60714.71	-646.40	-0.06
27088	60714.71	-646.40	-0.06
27105	60714.71	-646.40	-0.06
27121	60714.71	-646.40	-0.06
27137	60714.71	-646.40	-0.06
27153	60714.71	-646.40	-0.06
27168	60714.71	-646.40	-0.06
27185	60714.71	-646.40	-0.06
27201	60714.71	-646.40	-0.06
27216	60714.71	-646.40	-0.06
27233	60714.71	-646.40	-0.06
27249	60714.71	-646.40	-0.06
27265	60714.71	-646.40	-0.06
27281	60714.71	-646.40	-0.06
27296	60714.71	-646.40	-0.06
27313	60714.71	-646.40	-0.06
27329	60714.71	-646.40	-0.06
27344	60714.71	-646.40	-0.06
27361	60714.71	-646.40	-0.06
27377	60714.71	-646.40	-0.06
27393	60714.71	-646.40	-0.06
27409	60714.71	-646.40	-0.06
27424	60714.71	-646.40	-0.06
27441	60714.71	-646.40	-0.06
27457	60714.71	-646.40	-0.06
27472	60714.71	-646.40	-0.06
27489	60714.71	-646.40	-0.06
27505	60714.71	-646.40	-0.06
27521	60714.71	-646.40	-0.06
27537	60714.71	-646.40	-0.06
27552	60714.71	-646.40	-0.06
27569	60714.71	-646.40	-0.06
27585	60714.71	-646.40	-0.06
27600	60714.71	-646.40	-0.06
27617	60714.71	-646.40	-0.06
27633	60714.71	-646.40	-0.06
27649	60714.71	-646.40	-0.06
27665	60714.71	-646.40	-0.06
27680	60714.71	-646.40	-0.06
27697	60714.71	-646.40	-0.06
27713	60714.71	-646.40	-0.06
27728	60714.71	-646.40	-0.06
27745	60714.71	-646.40	-0.06
27761	60714.71	-646.40	-0.06
27777	60714.71	-646.40	-0.06
27793	60714.71	-646.40	-0.06
27808	60714.71	-646.40	-0.06
27825	60714.71	-646.40	-0.06
27841	60714.71	-646.40	-0.06
27856	60714.71	-646.40	-0.06
27873	60714.71	-646.40	-0.06
27889	60714.71	-646.40	-0.06
27905	60714.71	-646.40	-0.06
27921	60714.71	-646.40	-0.06
27936	60714.71	-646.40	-0.06
27953	60714.71	-646.40	-0.06
27969	60714.71	-646.40	-0.06
27984	60714.71	-646.40	-0.06
28001	60714.71	-646.40	-0.06
28017	60714.71	-646.40	-0.06
28033	60714.71	-646.40	-0.06
28049	60714.71	-646.40	-0.06
28064	60714.71	-646.40	-0.06
28081	60714.71	-646.40	-0.06
28097	60714.71	-646.40	-0.06
28112	60714.71	-646.40	-0.06
28129	60714.71	-646.40	-0.06
28145	60714.71	-646.40	-0.06
28161	60714.71	-646.40	-0.06
28177	60714.71	-646.40	-0.06
28192	60714.71	-646.40	-0.06
28209	60714.71	-646.40	-0.06
28225	60714.71	-646.40	-0.06
28240	60714.71	-646.40	-0.06
28257	60714.71	-646.40	-0.06
28273	60714.71	-646.40	-0.06
28289	60714.71	-646.40	-0.06
28305	60714.71	-646.40	-0.06
28320	60714.71	-646.40	-0.06
28337	60714.71	-646.40	-0.06
28353	60714.71	-646.40	-0.06
28368	60714.71	-646.40	-0.06
28385	60714.71	-646.40	-0.06
28401	60714.71	-646.40	-0.06
28417	60714.71	-646.40	-0.06
28433	60714.71	-646.40	-0.06
28448	60714.71	-646.40	-0.06
28465	60714.71	-646.40	-0.06
28481	60714.71	-646.40	-0.06
28496	60714.71	-646.40	-0.06
28513	60714.71	-646.40	-0.06
28529	60714.71	-646.40	-0.06
28545	60714.71	-646.40	-0.06
28561	60714.71	-646.40	-0.06
28576	60714.71	-646.40	-0.06
28593	60714.71	-646.40	-0.06
28609	60714.71	-646.40	-0.06
28624	60714.71	-646.40	-0.06
28641	60714.71	-646.40	-0.06
28657	60714.71	-646.40	-0.06
28673	60714.71	-646.40	-0.06
28689	60714.71	-646.40	-0.06
28704	60714.71	-646.40	-0.06
28721	60714.71	-646.40	-0.06
28737	60714.71	-646.40	-0.06
28752	60714.71	-646.40	-0.06
28769	60714.71	-646.40	-0.06
28785	60714.71	-646.40	-0.06
28801	60714.71	-646.40	-0.06
28817	60714.71	-646.40	-0.06
28832	60714.71	-646.40	-0.06
28849	60714.71	-646.40	-0.06
28865	60714.71	-646.40	-0.06
28880	60714.71	-646.40	-0.06
28897	60714.71	-646.40	-0.06
28913	60714.71	-646.40	-0.06
28929	60714.71	-646.40	-0.06
28945	60714.71	-646.40	-0.06
28960	60714.71	-646.40	-0.06
28977	60714.71	-646.40	-0.06
28993	60714.71	-646.40	-0.06
29008	60714.71	-646.40	-0.06
29025	60714.71	-646.40	-0.06
29041	60714.71	-646.40	-0.06
29057	60714.71	-646.40	-0.06
29073	60714.71	-646.40	-0.06
29088	60714.71	-646.40	-0.06
29105	60714.71	-646.40	-0.06
29121	60714.71	-646.40	-0.06
29136	60714.71	-646.40	-0.06
29153	60714.71	-646.40	-0.06
29169	60714.71	-646.40	-0.06
29185	60714.71	-646.40	-0.06
29201	60714.71	-646.40	-0.06
29216	60714.71	-646.40	-0.06
29233	60714.71	-646.40	-0.06
29249	60714.71	-646.40	-0.06
29264	60714.71	-646.40	-0.06
29281	60714.71	-646.40	-0.06
29297	60714.71	-646.40	-0.06
29313	60714.71	-646.40	-0.06
29329	60714.71	-646.40	-0.06
29344	60714.71	-646.40	-0.06
29361	60714.71	-646.40	-0.06
29377	60714.71	-646.40	-0.06
29392	60714.71	-646.40	-0.06
29409	60714.71	-646.40	-0.06
29425	60714.71	-646.40	-0.06
29441	60714.71	-646.40	-0.06
29457	60714.71	-646.40	-0.06
29472	60714.71	-646.40	-0.06
29489	60714.71	-646.40	-0.06
29505	60714.71	-646.40	-0.06
29520	60714.71	-646.40	-0.06
29537	60707.21	-645.90	-0.07
29553	60707.21	-645.90	-0.07
29569	60707.21	-645.90	-0.07
29585	60707.21	-645.90	-0.07
29600	60707.21	-645.90	-0.07
29617	60707.21	-645.90	-0.07
29633	60707.21	-645.90	-0.07
29648	60707.21	-645.90	-0.07
29665	60707.21	-645.90	-0.07
29681	60707.21	-645.90	-0.07
29697	60707.21	-645.90	-0.07
29713	60707.21	-645.90	-0.07
29728	60707.21	-645.90	-0.07
29745	60707.21	-645.90	-0.07
29761	60707.21	-645.90	-0.07
29776	60707.21	-645.90	-0.07
29793	60707.21	-645.90	-0.07
29809	60707.21	-645.90	-0.07
29825	60707.21	-645.90	-0.07
29841	60707.21	-645.90	-0.07
29856	60707.21	-645.90	-0.07
29873	60707.21	-645.90	-0.07
29889	60707.21	-645.90	-0.07
29904	60707.21	-645.90	-0.07
29921	60707.21	-645.90	-0.07
29937	60707.21	-645.90	-0.07
29953	60707.21	-645.90	-0.07
29969	60707.21	-645.90	-0.07
29984	60707.21	-645.90	-0.07
30001	60707.21	-645.90	-0.07
30017	60707.21	-645.90	-0.07
30032	60707.21	-645.90	-0.07
30049	60707.21	-645.90	-0.07
30065	60707.21	-645.90	-0.07
30081	60707.21	-645.90	-0.07
30097	60707.21	-645.90	-0.07
30112	60707.21	-645.90	-0.07
30129	60707.21	-645.90	-0.07
30145	60707.21	-645.90	-0.07
30160	60707.21	-645.90	-0.07
30177	60707.21	-645.90	-0.07
30193	60707.21	-645.90	-0.07
30209	60707.21	-645.90	-0.07
30225	60707.21	-645.90	-0.07
30240	60707.21	-645.90	-0.07
30257	60707.21	-645.90	-0.07
30273	60707.21	-645.90	-0.07
30288	60707.21	-645.90	-0.07
30305	60707.21	-645.90	-0.07
30321	60707.21	-645.90	-0.07
30337	60707.21	-645.90	-0.07
30353	60707.21	-645.90	-0.07
30368	60707.21	-645.90	-0.07
30385	60707.21	-645.90	-0.07
30401	60707.21	-645.90	-0.07
30416	60707.21	-645.90	-0.07
30433	60707.21	-645.90	-0.07
30449	60707.21	-645.90	-0.07
30465	60707.21	-645.90	-0.07
30481	60707.21	-645.90	-0.07
30496	60707.21	-645.90	-0.07
30513	60707.21	-645.90	-0.07
30529	60707.21	-645.90	-0.07
30544	60707.21	-645.90	-0.07
30561	60707.21	-645.90	-0.07
30577	60707.21	-645.90	-0.07
30593	60707.21	-645.90	-0.07
30609	60707.21	-645.90	-0.07
30624	60707.21	-645.90	-0.07
30641	60707.21	-645.90	-0.07
30657	60707.21	-645.90	-0.07
30672	60707.21	-645.90	-0.07
30689	60707.21	-645.90	-0.07
30705	60707.21	-645.90	-0.07
30721	60707.21	-645.90	-0.07
30737	60707.21	-645.90	-0.07
30752	60707.21	-645.90	-0.07
30769	60707.21	-645.90	-0.07
30785	60707.21	-645.90	-0.07
30800	60707.21	-645.90	-0.07
30817	60707.21	-645.90	-0.07
30833	60707.21	-645.90	-0.07
30849	60707.21	-645.90	-0.07
30865	60707.21	-645.90	-0.07
30880	60707.21	-645.90	-0.07
30897	60707.21	-645.90	-0.07
30913	60707.21	-645.90	-0.07
30928	60707.21	-645.90	-0.07
30945	60707.21	-645.90	-0.07
30961	60707.21	-645.90	-0.07
30977	60707.21	-645.90	-0.07
30993	60707.21	-645.90	-0.07
31008	60707.21	-645.90	-0.07
31025	60707.21	-645.90	-0.07
31041	60707.21	-645.90	-0.07
31056	60707.21	-645.90	-0.07
31073	60707.21	-645.90	-0.07
31089	60707.21	-645.90	-0.07
31105	60707.21	-645.90	-0.07
31121	60707.21	-645.90	-0.07
31136	60707.21	-645.90	-0.07
31153	60707.21	-645.90	-0.07
31169	60707.21	-645.90	-0.07
31184	60707.21	-645.90	-0.07
31201	60699.71	-645.47	-0.06
31217	60699.71	-645.47	-0.06
31233	60699.71	-645.47	-0.06
31249	60699.71	-645.47	-0.06
31265	60707.21	-645.84	-0.05
31281	60707.21	-645.84	-0.05
31297	60707.21	-645.84	-0.05
31312	60707.21	-645.84	-0.05
31329	60707.21	-645.84	-0.05
31345	60707.21	-645.84	-0.05
31361	60707.21	-645.84	-0.05
31377	60707.21	-645.84	-0.05
31392	60707.21	-645.84	-0.05
31409	60707.21	-645.84	-0.05
31425	60707.21	-645.84	-0.05
31440	60707.21	-645.84	-0.05
31457	60699.71	-645.40	-0.06
31473	60699.71	-645.40	-0.06
31489	60699.71	-645.40	-0.06
31505	60699.71	-645.40	-0.06
31520	60699.71	-645.40	-0.06
31537	60699.71	-645.40	-0.06
31553	60699.71	-645.40	-0.06
31568	60699.71	-645.40	-0.06
31585	60699.71	-645.40	-0.06
31601	60699.71	-645.40	-0.06
31617	60699.71	-645.40	-0.06
31633	60699.71	-645.40	-0.06
31648	60699.71	-645.40	-0.06
31665	60699.71	-645.40	-0.06
31681	60707.22	-645.78	-0.05
31696	60707.22	-645.78	-0.05
31713	60707.22	-645.78	-0.05
31729	60707.22	-645.78	-0.05
31745	60707.22	-645.78	-0.05
31761	60707.22	-645.78	-0.05
31776	60707.22	-645.78	-0.05
31793	60707.22	-645.78	-0.05
31809	60699.71	-645.47	-0.04
31824	60692.19	-645.22	-0.03
31841	60669.65	-645.03	-0.01
31857	60654.62	-645.16	0.01
31873	60639.59	-645.53	0.02
31889	60632.08	-645.78	0.03
31904	60617.06	-646.53	0.05
31921	60602.06	-647.52	0.07
31937	60587.08	-648.77	0.08
31952	60579.60	-649.45	0.09
31969	60572.12	-650.20	0.10
