2256	nan	nan	0.00
2273	nan	nan	0.00
2289	nan	nan	0.00
2305	nan	nan	0.00
2321	nan	nan	0.00
2337	nan	nan	0.00
2353	nan	nan	0.00
2369	nan	nan	0.00
2384	nan	nan	0.00
2401	nan	nan	0.00
2417	nan	nan	0.00
2433	nan	nan	0.00
2449	nan	nan	0.00
2465	nan	nan	0.00
2481	nan	nan	0.00
2497	nan	nan	0.00
2512	nan	nan	0.00
2529	nan	nan	0.00
2545	nan	nan	0.00
2561	nan	nan	0.00
2577	nan	nan	0.00
2593	nan	nan	0.00
2609	nan	nan	0.00
2625	nan	nan	0.00
2640	nan	nan	0.00
2657	nan	nan	0.00
2673	nan	nan	0.00
2689	nan	nan	0.00
2705	nan	nan	0.00
2721	nan	nan	0.00
2737	nan	nan	0.00
2753	nan	nan	0.00
2768	nan	nan	0.00
2785	nan	nan	0.00
2801	nan	nan	0.00
2817	nan	nan	0.00
2833	nan	nan	0.00
2849	nan	nan	0.00
2865	nan	nan	0.00
2881	nan	nan	0.00
2896	nan	nan	0.00
2913	nan	nan	0.00
2929	nan	nan	0.00
2945	nan	nan	0.00
2961	nan	nan	0.00
2977	nan	nan	0.00
2993	nan	nan	0.00
3009	nan	nan	0.00
3024	nan	nan	0.00
3041	nan	nan	0.00
3057	nan	nan	0.00
3073	nan	nan	0.00
3089	nan	nan	0.00
3105	nan	nan	0.00
3121	nan	nan	0.00
3137	nan	nan	0.00
3152	nan	nan	0.00
3169	nan	nan	0.00
3185	nan	nan	0.00
3201	nan	nan	0.00
3217	nan	nan	0.00
3233	nan	nan	0.00
3249	nan	nan	0.00
3265	nan	nan	0.00
3280	nan	nan	0.00
3297	nan	nan	0.00
3313	nan	nan	0.00
3329	nan	nan	0.00
3345	nan	nan	0.00
3361	nan	nan	0.00
3377	nan	nan	0.00
3393	nan	nan	0.00
3408	nan	nan	0.00
3425	nan	nan	0.00
3441	nan	nan	0.00
3457	nan	nan	0.00
3473	nan	nan	0.00
3489	nan	nan	0.00
3505	nan	nan	0.00
3521	nan	nan	0.00
3536	nan	nan	0.00
3553	nan	nan	0.00
3569	nan	nan	0.00
3585	nan	nan	0.00
3601	nan	nan	0.00
3617	nan	nan	0.00
3633	nan	nan	0.00
3649	nan	nan	0.00
3664	nan	nan	0.00
3681	nan	nan	0.00
3697	nan	nan	0.00
3713	nan	nan	0.00
3729	nan	nan	0.00
3745	nan	nan	0.00
3761	nan	nan	0.00
3777	nan	nan	0.00
3792	nan	nan	0.00
3809	nan	nan	0.00
3825	nan	nan	0.00
3841	nan	nan	0.00
3857	nan	nan	0.00
3873	nan	nan	0.00
3889	nan	nan	0.00
3905	nan	nan	0.00
3920	nan	nan	0.00
3937	nan	nan	0.00
3953	nan	nan	0.00
3969	nan	nan	0.00
3985	nan	nan	0.00
4001	nan	nan	0.00
4017	nan	nan	0.00
4033	nan	nan	0.00
4048	nan	nan	0.00
4065	nan	nan	0.00
4081	nan	nan	0.00
4097	nan	nan	0.00
4113	nan	nan	0.00
4129	nan	nan	0.00
4145	nan	nan	0.00
4161	nan	nan	0.00
4176	nan	nan	0.00
4193	nan	nan	0.00
4209	nan	nan	0.00
4225	nan	nan	0.00
4241	nan	nan	0.00
4257	nan	nan	0.00
4273	nan	nan	0.00
4289	nan	nan	0.00
4304	nan	nan	0.00
4321	nan	nan	0.00
4337	nan	nan	0.00
4353	nan	nan	0.00
4369	nan	nan	0.00
4385	nan	nan	0.00
4401	nan	nan	0.00
4417	nan	nan	0.00
4432	nan	nan	0.00
4449	nan	nan	0.00
4465	nan	nan	0.00
4481	nan	nan	0.00
4497	nan	nan	0.00
4513	nan	nan	0.00
4529	nan	nan	0.00
4545	nan	nan	0.00
4560	nan	nan	0.00
4577	nan	nan	0.00
4593	nan	nan	0.00
4609	nan	nan	0.00
4625	nan	nan	0.00
4641	nan	nan	0.00
4657	nan	nan	0.00
4673	nan	nan	0.00
4688	nan	nan	0.00
4705	nan	nan	0.00
4721	nan	nan	0.00
4737	nan	nan	0.00
4753	nan	nan	0.00
4769	nan	nan	0.00
4785	nan	nan	0.00
4801	nan	nan	0.00
4816	nan	nan	0.00
4833	nan	nan	0.00
4849	nan	nan	0.00
4865	nan	nan	0.00
4881	nan	nan	0.00
4897	nan	nan	0.00
4913	nan	nan	0.00
3
4929	nan	nan	0.00
4944	nan	nan	0.00
4961	nan	nan	0.00
4977	nan	nan	0.00
4993	nan	nan	0.00
5009	nan	nan	0.00
5025	nan	nan	0.00
5041	nan	nan	0.00
5057	nan	nan	0.00
5072	nan	nan	0.00
5089	nan	nan	0.00
5105	nan	nan	0.00
5121	nan	nan	0.00
5137	nan	nan	0.00
5153	nan	nan	0.00
5169	nan	nan	0.00
5185	nan	nan	0.00
5200	nan	nan	0.00
5217	nan	nan	0.00
5233	nan	nan	0.00
5249	nan	nan	0.00
5265	nan	nan	0.00
5281	nan	nan	0.00
5297	nan	nan	0.00
5313	nan	nan	0.00
5328	nan	nan	0.00
5345	nan	nan	0.00
5361	nan	nan	0.00
5377	nan	nan	0.00
5393	nan	nan	0.00
5409	nan	nan	0.00
5425	nan	nan	0.00
5441	nan	nan	0.00
5456	nan	nan	0.00
5473	nan	nan	0.00
5489	nan	nan	0.00
5505	nan	nan	0.00
5521	nan	nan	0.00
5537	nan	nan	0.00
5553	nan	nan	0.00
5569	nan	nan	0.00
5584	nan	nan	0.00
5601	nan	nan	0.00
5617	nan	nan	0.00
5633	nan	nan	0.00
5649	nan	nan	0.00
5665	nan	nan	0.00
5681	nan	nan	0.00
5697	nan	nan	0.00
5712	nan	nan	0.00
5729	nan	nan	0.00
5745	nan	nan	0.00
5761	nan	nan	0.00
5777	nan	nan	0.00
5793	nan	nan	0.00
5809	nan	nan	0.00
5825	nan	nan	0.00
5840	nan	nan	0.00
5857	nan	nan	0.00
5873	nan	nan	0.00
5889	nan	nan	0.00
5905	nan	nan	0.00
5921	nan	nan	0.00
5937	nan	nan	-0.00
5953	nan	nan	-0.01
5969	nan	nan	-0.01
5985	nan	nan	-0.01
6001	nan	nan	-0.02
6018	nan	nan	-0.02
6033	nan	nan	-0.03
6049	nan	nan	-0.03
6065	nan	nan	-0.04
6081	nan	nan	-0.04
6097	nan	nan	-0.04
6113	nan	nan	-0.05
6129	nan	nan	-0.05
6146	nan	nan	-0.06
6161	nan	nan	-0.07
6177	nan	nan	-0.07
6193	nan	nan	-0.08
6209	nan	nan	-0.08
6225	nan	nan	-0.09
6241	nan	nan	-0.09
6257	nan	nan	-0.10
6274	nan	nan	-0.10
6289	nan	nan	-0.11
6305	nan	nan	-0.11
6321	nan	nan	-0.12
6337	nan	nan	-0.12
6353	nan	nan	-0.13
6369	nan	nan	-0.13
6385	nan	nan	-0.14
6402	nan	nan	-0.14
6417	nan	nan	-0.15
6433	nan	nan	-0.15
6449	nan	nan	-0.16
6465	nan	nan	-0.16
6481	nan	nan	-0.17
6497	nan	nan	-0.17
6513	nan	nan	-0.18
6530	nan	nan	-0.18
6545	nan	nan	-0.19
6561	nan	nan	-0.19
6577	nan	nan	-0.20
6593	nan	nan	-0.20
6609	nan	nan	-0.21
6625	nan	nan	-0.21
6641	nan	nan	-0.22
6658	nan	nan	-0.22
6673	nan	nan	-0.23
6689	nan	nan	-0.24
6705	nan	nan	-0.24
6721	nan	nan	-0.25
6737	nan	nan	-0.25
6753	nan	nan	-0.26
6769	nan	nan	-0.26
6786	nan	nan	-0.27
6801	nan	nan	-0.27
6817	nan	nan	-0.28
6833	nan	nan	-0.28
6849	nan	nan	-0.29
6865	nan	nan	-0.29
6881	nan	nan	-0.30
6897	nan	nan	-0.30
6914	nan	nan	-0.31
6929	nan	nan	-0.31
6945	nan	nan	-0.32
6961	nan	nan	-0.32
6977	nan	nan	-0.33
6993	nan	nan	-0.33
7009	nan	nan	-0.34
7025	nan	nan	-0.35
7042	nan	nan	-0.35
7057	nan	nan	-0.35
7073	nan	nan	-0.36
7089	nan	nan	-0.36
7105	nan	nan	-0.37
7121	nan	nan	-0.38
7137	nan	nan	-0.38
7153	nan	nan	-0.39
7170	nan	nan	-0.39
7185	nan	nan	-0.40
7201	nan	nan	-0.40
7217	nan	nan	-0.41
7233	nan	nan	-0.41
7249	nan	nan	-0.42
7265	nan	nan	-0.42
7281	nan	nan	-0.43
7298	nan	nan	-0.43
7313	nan	nan	-0.44
7329	nan	nan	-0.44
7345	nan	nan	-0.45
7361	nan	nan	-0.45
7377	nan	nan	-0.46
7393	nan	nan	-0.46
7409	nan	nan	-0.47
7426	nan	nan	-0.47
7441	nan	nan	-0.48
7457	nan	nan	-0.48
7473	nan	nan	-0.49
7489	nan	nan	-0.49
7505	nan	nan	-0.50
7521	nan	nan	-0.50
7537	nan	nan	-0.51
7554	nan	nan	-0.51
7569	nan	nan	-0.52
7585	nan	nan	-0.53
7601	nan	nan	-0.53
7617	nan	nan	-0.53
7633	nan	nan	-0.54
7649	nan	nan	-0.55
7665	nan	nan	-0.55
7682	nan	nan	-0.55
7697	nan	nan	-0.56
7713	nan	nan	-0.57
7729	nan	nan	-0.57
7745	nan	nan	-0.58
7761	nan	nan	-0.58
7777	nan	nan	-0.59
7793	nan	nan	-0.59
7810	nan	nan	-0.60
7825	nan	nan	-0.60
7841	nan	nan	-0.61
7857	nan	nan	-0.61
7873	nan	nan	-0.62
7889	nan	nan	-0.62
7905	nan	nan	-0.63
7921	nan	nan	-0.63
7938	nan	nan	-0.64
7953	nan	nan	-0.64
7969	nan	nan	-0.65
7985	nan	nan	-0.66
8001	nan	nan	-0.66
8017	nan	nan	-0.66
8033	nan	nan	-0.67
8049	nan	nan	-0.68
8066	nan	nan	-0.68
8081	nan	nan	-0.69
8097	nan	nan	-0.69
8113	nan	nan	-0.70
8129	nan	nan	-0.70
8145	nan	nan	-0.71
8161	nan	nan	-0.71
8177	nan	nan	-0.72
8194	nan	nan	-0.72
8209	nan	nan	-0.73
8225	nan	nan	-0.73
8241	nan	nan	-0.74
8257	nan	nan	-0.74
8273	nan	nan	-0.75
8289	nan	nan	-0.75
8305	nan	nan	-0.76
8322	nan	nan	-0.76
8337	nan	nan	-0.77
8353	nan	nan	-0.77
8369	nan	nan	-0.78
8385	nan	nan	-0.78
8401	nan	nan	-0.79
8417	nan	nan	-0.79
8433	nan	nan	-0.80
8450	nan	nan	-0.80
8465	nan	nan	-0.81
8481	nan	nan	-0.81
8497	nan	nan	-0.82
8513	nan	nan	-0.83
8529	nan	nan	-0.83
8545	nan	nan	-0.84
8561	nan	nan	-0.84
8578	nan	nan	-0.84
8593	nan	nan	-0.85
8609	nan	nan	-0.86
8625	nan	nan	-0.86
8641	nan	nan	-0.87
8657	nan	nan	-0.87
8673	nan	nan	-0.88
8689	nan	nan	-0.88
8706	nan	nan	-0.89
8721	nan	nan	-0.89
8737	nan	nan	-0.90
8753	nan	nan	-0.90
8769	nan	nan	-0.91
8785	nan	nan	-0.91
8801	nan	nan	-0.92
8817	nan	nan	-0.92
8834	nan	nan	-0.93
8849	nan	nan	-0.93
8865	nan	nan	-0.94
8881	nan	nan	-0.95
8897	nan	nan	-0.95
8913	nan	nan	-0.95
8929	nan	nan	-0.96
8945	nan	nan	-0.97
8962	nan	nan	-0.97
8977	nan	nan	-0.98
8993	nan	nan	-0.98
9009	nan	nan	-0.99
9025	nan	nan	-0.99
9041	nan	nan	-1.00
9057	nan	nan	-1.00
9073	nan	nan	-1.01
9090	nan	nan	-1.01
9105	nan	nan	-1.02
9121	nan	nan	-1.02
9137	nan	nan	-1.03
9153	nan	nan	-1.03
9169	nan	nan	-1.04
9185	nan	nan	-1.04
9201	nan	nan	-1.05
9218	nan	nan	-1.05
9233	nan	nan	-1.06
9249	nan	nan	-1.06
9265	nan	nan	-1.07
9281	nan	nan	-1.08
9297	nan	nan	-1.08
9313	nan	nan	-1.08
9329	nan	nan	-1.09
9346	nan	nan	-1.10
9361	nan	nan	-1.10
9377	nan	nan	-1.11
9393	nan	nan	-1.11
9409	nan	nan	-1.12
9425	nan	nan	-1.12
9441	nan	nan	-1.13
9457	nan	nan	-1.13
9474	nan	nan	-1.14
9489	nan	nan	-1.14
9505	nan	nan	-1.15
9521	nan	nan	-1.15
9537	nan	nan	-1.16
9553	nan	nan	-1.16
9569	nan	nan	-1.17
9585	nan	nan	-1.17
9602	nan	nan	-1.18
9617	nan	nan	-1.18
9633	nan	nan	-1.19
9649	nan	nan	-1.19
9665	nan	nan	-1.20
9681	nan	nan	-1.20
9697	nan	nan	-1.21
9713	nan	nan	-1.22
9730	nan	nan	-1.22
9745	nan	nan	-1.23
9761	nan	nan	-1.23
9777	nan	nan	-1.24
9793	nan	nan	-1.24
9809	nan	nan	-1.25
9825	nan	nan	-1.25
9841	nan	nan	-1.26
9858	nan	nan	-1.26
9873	nan	nan	-1.27
9889	nan	nan	-1.27
9905	nan	nan	-1.28
9921	nan	nan	-1.28
9937	nan	nan	-1.29
9953	nan	nan	-1.29
9969	nan	nan	-1.30
9986	nan	nan	-1.30
10001	nan	nan	-1.31
10017	nan	nan	-1.31
10033	nan	nan	-1.32
10049	nan	nan	-1.32
10065	nan	nan	-1.33
10081	nan	nan	-1.33
10097	nan	nan	-1.34
10114	nan	nan	-1.34
10129	nan	nan	-1.35
10145	nan	nan	-1.36
10161	nan	nan	-1.36
10177	nan	nan	-1.37
10193	nan	nan	-1.37
10209	nan	nan	-1.38
10225	nan	nan	-1.38
10242	nan	nan	-1.39
10257	nan	nan	-1.39
10273	nan	nan	-1.40
10289	nan	nan	-1.40
10305	nan	nan	-1.41
10321	nan	nan	-1.41
10337	nan	nan	-1.42
10353	nan	nan	-1.42
10370	nan	nan	-1.43
10385	nan	nan	-1.43
10401	nan	nan	-1.44
10417	nan	nan	-1.44
10433	nan	nan	-1.45
10449	nan	nan	-1.45
10465	nan	nan	-1.46
10481	nan	nan	-1.46
10498	nan	nan	-1.47
10513	nan	nan	-1.47
10529	nan	nan	-1.48
10545	nan	nan	-1.48
10561	nan	nan	-1.49
10577	nan	nan	-1.49
10593	nan	nan	-1.50
10609	nan	nan	-1.51
10626	nan	nan	-1.51
10641	nan	nan	-1.52
10657	nan	nan	-1.52
10673	nan	nan	-1.53
10689	nan	nan	-1.53
10705	nan	nan	-1.54
10721	nan	nan	-1.54
10737	nan	nan	-1.55
10754	nan	nan	-1.55
10769	nan	nan	-1.55
10785	nan	nan	-1.55
10801	nan	nan	-1.55
10817	nan	nan	-1.55
10833	nan	nan	-1.56
10849	nan	nan	-1.56
10865	nan	nan	-1.56
10882	nan	nan	-1.56
10897	nan	nan	-1.56
10913	nan	nan	-1.56
10929	nan	nan	-1.56
10945	nan	nan	-1.56
10961	nan	nan	-1.56
10977	nan	nan	-1.56
10993	nan	nan	-1.56
11009	nan	nan	-1.56
11025	nan	nan	-1.56
11041	nan	nan	-1.56
11057	nan	nan	-1.56
11073	nan	nan	-1.56
11089	nan	nan	-1.56
11105	nan	nan	-1.56
11121	nan	nan	-1.56
11137	nan	nan	-1.56
11153	nan	nan	-1.56
11169	nan	nan	-1.56
11185	nan	nan	-1.56
11201	nan	nan	-1.56
11217	nan	nan	-1.56
11233	nan	nan	-1.56
11249	nan	nan	-1.56
11265	nan	nan	-1.56
11281	nan	nan	-1.56
11297	nan	nan	-1.56
11313	nan	nan	-1.56
11329	nan	nan	-1.56
11345	nan	nan	-1.56
11361	nan	nan	-1.56
11377	nan	nan	-1.56
11393	nan	nan	-1.56
11409	nan	nan	-1.56
11425	nan	nan	-1.56
11441	nan	nan	-1.56
11457	nan	nan	-1.56
11473	nan	nan	-1.56
11489	nan	nan	-1.56
11505	nan	nan	-1.56
11521	nan	nan	-1.56
11537	nan	nan	-1.56
11553	nan	nan	-1.56
11569	nan	nan	-1.56
11585	nan	nan	-1.56
11601	nan	nan	-1.56
11617	nan	nan	-1.56
11633	nan	nan	-1.56
11649	nan	nan	-1.56
11665	nan	nan	-1.56
11681	nan	nan	-1.56
11697	nan	nan	-1.56
11713	nan	nan	-1.56
11729	nan	nan	-1.56
11745	nan	nan	-1.56
11761	nan	nan	-1.56
11777	nan	nan	-1.56
11793	nan	nan	-1.56
11809	nan	nan	-1.56
11825	nan	nan	-1.56
11841	nan	nan	-1.56
11857	nan	nan	-1.56
11873	nan	nan	-1.56
11889	nan	nan	-1.56
11905	nan	nan	-1.56
11921	nan	nan	-1.56
11937	nan	nan	-1.56
11953	nan	nan	-1.56
11969	nan	nan	-1.56
11985	nan	nan	-1.56
12001	nan	nan	-1.56
12017	nan	nan	-1.56
12033	nan	nan	-1.56
12049	nan	nan	-1.56
12065	nan	nan	-1.56
12081	nan	nan	-1.56
12097	nan	nan	-1.56
12113	nan	nan	-1.56
12129	nan	nan	-1.56
12145	nan	nan	-1.56
12161	nan	nan	-1.56
12177	nan	nan	-1.56
12193	nan	nan	-1.56
12209	nan	nan	-1.56
12225	nan	nan	-1.56
12241	nan	nan	-1.56
12257	nan	nan	-1.56
12273	nan	nan	-1.56
12289	nan	nan	-1.56
12305	nan	nan	-1.56
12321	nan	nan	-1.56
12337	nan	nan	-1.56
12353	nan	nan	-1.56
12369	nan	nan	-1.56
12385	nan	nan	-1.56
12401	nan	nan	-1.56
12417	nan	nan	-1.56
12433	nan	nan	-1.56
12449	nan	nan	-1.56
12465	nan	nan	-1.56
12481	nan	nan	-1.56
12497	nan	nan	-1.56
12513	nan	nan	-1.56
12529	nan	nan	-1.56
12545	nan	nan	-1.56
12561	nan	nan	-1.56
12577	nan	nan	-1.56
12593	nan	nan	-1.56
12609	nan	nan	-1.56
12625	nan	nan	-1.56
12641	nan	nan	-1.56
12657	nan	nan	-1.56
12673	nan	nan	-1.56
12689	nan	nan	-1.56
12705	nan	nan	-1.56
12721	nan	nan	-1.56
12737	nan	nan	-1.56
12753	nan	nan	-1.56
12769	nan	nan	-1.56
12785	nan	nan	-1.56
12801	nan	nan	-1.56
12817	nan	nan	-1.56
12833	nan	nan	-1.56
12849	nan	nan	-1.56
12865	nan	nan	-1.56
12881	nan	nan	-1.56
12897	nan	nan	-1.56
12913	nan	nan	-1.56
12929	nan	nan	-1.56
12945	nan	nan	-1.56
12961	nan	nan	-1.56
12977	nan	nan	-1.56
12993	nan	nan	-1.56
13009	nan	nan	-1.56
13025	nan	nan	-1.56
13041	nan	nan	-1.56
13057	nan	nan	-1.56
