	0.00
2449	0.00	0.00	0.00	0.00	0.00
2464	0.00	0.00	0.00	0.00	0.00
2481	0.00	0.00	0.00	0.00	0.00
2497	0.00	0.00	0.00	0.00	0.00
2512	0.00	0.00	0.00	0.00	0.00
2529	0.00	0.00	0.00	0.00	0.00
2545	0.00	0.00	0.00	0.00	0.00
2561	0.00	0.00	0.00	0.00	0.00
2577	0.00	0.00	0.00	0.00	0.00
2592	0.00	0.00	0.00	0.00	0.00
2609	0.00	0.00	0.00	0.00	0.00
2625	0.00	0.00	0.00	0.00	0.00
2640	0.00	0.00	0.00	0.00	0.00
2657	0.00	0.00	0.00	0.00	0.00
2673	0.00	0.00	0.00	0.00	0.00
2689	0.00	0.00	0.00	0.00	0.00
2705	0.00	0.00	0.00	0.00	0.00
2720	0.00	0.00	0.00	0.00	0.00
2737	0.00	0.00	0.00	0.00	0.00
2753	0.00	0.00	0.00	0.00	0.00
2768	0.00	0.00	0.00	0.00	0.00
2785	0.04	0.00	0.00	0.06	2.35
2801	0.14	0.00	0.00	-0.06	6.11
2817	0.25	0.00	-0.00	-0.06	7.05
2833	0.37	-0.00	-0.00	0.00	7.52
2849	0.49	-0.00	-0.00	0.00	7.52
2865	0.61	-0.00	-0.00	0.00	7.52
2881	0.73	-0.00	-0.00	0.00	7.52
2896	0.86	-0.00	-0.00	0.00	8.46
2913	0.98	-0.00	-0.00	0.00	7.52
2929	1.12	-0.00	-0.00	0.00	8.46
2945	1.26	-0.00	-0.00	0.00	8.46
2961	1.40	-0.00	-0.00	-0.06	8.93
2977	1.54	-0.00	-0.00	0.06	8.93
2993	1.68	-0.00	-0.00	0.00	8.46
3009	1.81	-0.00	-0.00	0.00	8.46
3024	1.96	-0.00	-0.00	0.00	9.40
3041	2.10	-0.00	-0.00	-0.06	8.93
3057	2.25	-0.00	-0.00	0.06	8.93
3073	2.39	-0.00	-0.00	0.06	8.93
3089	2.54	-0.00	-0.00	-0.13	9.40
3105	2.68	-0.00	-0.00	0.06	8.93
3121	2.84	-0.00	-0.00	-0.06	9.87
3137	2.98	-0.00	-0.00	0.00	8.46
3152	3.13	-0.00	-0.00	0.00	9.40
3169	3.28	-0.00	-0.00	0.13	9.40
3185	3.42	-0.00	-0.00	-0.06	8.93
3201	3.57	-0.00	-0.00	0.00	9.40
3217	3.73	-0.00	-0.00	-0.06	9.87
3232	3.88	-0.00	-0.00	0.00	9.40
3249	4.02	-0.00	-0.00	0.06	8.93
3265	4.16	-0.00	-0.00	-0.06	8.93
3280	4.32	-0.01	-0.00	0.06	9.87
3297	4.47	-0.01	-0.00	0.00	9.40
3313	4.61	-0.01	-0.00	-0.06	8.93
3329	4.77	-0.01	-0.00	0.06	9.87
3345	4.92	-0.01	-0.00	0.00	9.40
3361	5.07	-0.01	-0.00	-0.06	8.93
3377	5.22	-0.01	-0.00	0.00	9.40
3393	5.37	-0.01	-0.00	0.06	9.87
3408	5.52	-0.01	-0.00	0.00	9.40
3425	5.67	-0.01	-0.00	-0.06	8.93
3441	5.82	-0.01	-0.00	0.00	9.40
3457	5.98	-0.01	-0.00	0.06	9.87
3473	6.13	-0.01	-0.00	0.00	9.40
3489	6.27	-0.01	-0.00	-0.06	8.93
3505	6.42	-0.01	-0.00	0.00	9.40
3521	6.58	-0.01	-0.00	0.06	9.87
3536	6.73	-0.01	-0.00	0.00	9.40
3553	6.87	-0.01	-0.00	-0.06	8.93
3569	7.02	-0.01	-0.00	0.00	9.40
3585	7.18	-0.01	-0.00	0.06	9.87
3601	7.33	-0.01	-0.00	0.00	9.40
3617	7.47	-0.01	-0.00	-0.06	8.93
3633	7.63	-0.01	-0.00	0.06	9.87
3649	7.78	-0.01	-0.00	0.00	9.40
3664	7.92	-0.01	-0.00	-0.06	8.93
3681	8.07	-0.01	-0.00	0.00	9.40
3697	8.23	-0.01	-0.00	0.06	9.87
3713	8.38	-0.01	-0.00	0.00	9.40
3729	8.53	-0.01	-0.00	0.00	9.40
3745	8.67	-0.01	-0.00	-0.06	8.93
3761	8.83	-0.01	-0.00	0.06	9.87
3777	8.98	-0.01	-0.00	0.00	9.40
3792	9.12	-0.01	-0.00	-0.06	8.93
3809	9.28	-0.01	-0.00	0.06	9.87
3825	9.43	-0.01	-0.00	0.00	9.40
3841	9.58	-0.01	-0.00	-0.06	8.93
3857	9.73	-0.01	-0.00	0.06	9.87
3872	9.88	-0.01	-0.00	0.00	9.40
3889	10.03	-0.01	-0.00	0.00	9.40
3905	10.18	-0.01	-0.00	-0.06	8.93
3920	10.34	-0.01	-0.00	0.00	10.33
3937	10.49	-0.01	-0.00	0.06	8.93
3953	10.64	-0.01	-0.00	0.00	9.40
3969	10.78	-0.01	-0.00	-0.06	8.93
3985	10.94	-0.01	-0.00	0.06	9.87
4001	11.09	-0.02	-0.00	0.00	9.40
4017	11.24	-0.02	-0.00	0.00	9.40
4033	11.39	-0.02	-0.00	0.00	9.40
4048	11.54	-0.02	-0.00	0.00	9.40
4065	11.69	-0.02	-0.00	0.00	9.40
4081	11.84	-0.02	-0.00	0.00	9.40
4097	11.99	-0.02	-0.00	0.00	9.40
4113	12.14	-0.02	-0.00	0.00	9.40
4129	12.28	-0.02	-0.00	-0.06	8.93
4145	12.44	-0.02	-0.00	0.06	9.87
4161	12.59	-0.02	-0.00	0.00	9.40
4176	12.74	-0.02	-0.00	0.00	9.40
4193	12.89	-0.02	-0.00	0.00	9.40
4209	13.04	-0.02	-0.00	0.00	9.40
4225	13.19	-0.02	-0.00	0.00	9.40
4241	13.34	-0.02	-0.00	0.00	9.40
4257	13.49	-0.02	-0.00	0.00	9.40
4273	13.65	-0.02	-0.00	-0.06	9.87
4289	13.79	-0.02	-0.00	0.06	8.93
4304	13.94	-0.02	-0.00	0.00	9.40
4321	14.09	-0.02	-0.00	0.00	9.40
4337	14.24	-0.02	-0.00	0.00	9.40
4353	14.39	-0.02	-0.00	0.00	9.40
4369	14.54	-0.02	-0.00	0.00	9.40
4384	14.69	-0.02	-0.00	0.00	9.40
4401	14.84	-0.02	-0.00	0.00	9.40
4417	14.99	-0.02	-0.00	0.00	9.40
4432	15.15	-0.02	-0.00	0.00	9.40
4449	15.30	-0.02	-0.00	0.00	9.40
4465	15.45	-0.02	-0.00	0.00	9.40
4481	15.60	-0.02	-0.00	0.00	9.40
4497	15.75	-0.02	-0.00	0.00	9.40
4513	15.90	-0.02	-0.00	0.00	9.40
4529	16.05	-0.02	-0.00	0.00	9.40
4545	16.20	-0.02	-0.00	0.00	9.40
4560	16.35	-0.02	-0.00	0.00	9.40
4577	16.50	-0.02	-0.00	0.00	9.40
4593	16.65	-0.02	-0.00	0.00	9.40
4609	16.80	-0.02	-0.00	0.00	9.40
4625	16.95	-0.02	-0.00	0.00	9.40
4640	17.10	-0.02	-0.00	0.00	9.40
4657	17.25	-0.02	-0.00	0.00	9.40
4673	17.40	-0.02	-0.00	0.00	9.40
4688	17.56	-0.02	-0.00	-0.06	9.87
4705	17.71	-0.02	0.00	0.13	9.40
4721	17.85	-0.02	-0.00	-0.06	8.93
4737	18.00	-0.02	-0.00	0.00	9.40
4753	18.15	-0.02	-0.00	0.00	9.40
4769	18.30	-0.02	-0.00	0.00	9.40
4785	18.46	-0.02	0.00	0.06	9.87
4801	18.60	-0.02	-0.00	-0.06	8.93
4816	18.75	-0.02	-0.00	0.00	9.40
4833	18.91	-0.02	0.00	0.06	9.87
4849	19.05	-0.02	-0.00	-0.06	8.93
4865	19.20	-0.02	-0.00	0.00	9.40
4881	19.35	-0.02	-0.00	0.00	9.40
4897	19.51	-0.02	0.00	0.06	9.87
4913	19.66	-0.02	-0.00	-0.06	8.93
4929	19.81	-0.02	-0.00	0.00	9.40
4944	19.96	-0.02	-0.00	0.00	9.40
4961	20.11	-0.02	0.00	0.06	9.87
4977	20.26	-0.02	-0.00	-0.06	8.93
4993	20.41	-0.02	-0.00	0.00	9.40
5009	20.56	-0.02	-0.00	0.00	9.40
5025	20.71	-0.02	0.00	0.06	9.87
5041	20.86	-0.02	-0.00	-0.06	8.93
5057	21.01	-0.02	-0.00	0.00	9.40
5072	21.16	-0.03	-0.00	0.00	9.40
5089	21.32	-0.03	0.00	0.06	9.87
5105	21.46	-0.03	-0.00	-0.06	8.93
5121	21.61	-0.03	-0.00	0.00	9.40
5137	21.76	-0.03	-0.00	0.00	9.40
5153	21.92	-0.03	0.00	0.06	9.87
5169	22.06	-0.03	-0.00	-0.06	8.93
5185	22.21	-0.03	-0.00	0.00	9.40
5200	22.36	-0.03	-0.00	0.00	9.40
5217	22.52	-0.03	0.00	0.06	9.87
5233	22.66	-0.03	-0.00	-0.06	8.93
5249	22.81	-0.03	-0.00	0.00	9.40
5265	22.96	-0.03	-0.00	0.00	9.40
5281	23.12	-0.03	0.00	0.06	9.87
5297	23.26	-0.03	-0.00	-0.06	8.93
5313	23.41	-0.03	-0.00	0.00	9.40
5328	23.57	-0.03	-0.00	-0.06	9.87
5345	23.71	-0.03	-0.00	0.06	8.93
5361	23.86	-0.03	-0.00	0.00	9.40
5377	24.02	-0.03	0.00	0.06	9.87
5393	24.16	-0.03	-0.00	-0.06	8.93
5409	24.32	-0.03	-0.00	0.00	9.40
5425	24.47	-0.03	-0.00	0.00	9.40
5441	24.62	-0.03	-0.00	0.00	9.40
5456	24.77	-0.03	0.00	0.06	9.87
5473	24.92	-0.03	-0.00	-0.06	8.93
5489	25.07	-0.03	-0.00	0.00	9.40
5505	25.22	-0.03	-0.00	0.00	9.40
5521	25.37	-0.03	0.00	0.06	9.87
5537	25.52	-0.03	-0.00	-0.06	8.93
5553	25.67	-0.03	-0.00	0.00	9.40
5569	25.82	-0.03	-0.00	0.00	9.40
5584	25.97	-0.03	-0.00	0.00	9.40
5601	26.13	-0.03	0.00	0.06	9.87
5617	26.27	-0.03	-0.00	-0.06	8.93
5633	26.42	-0.03	-0.00	0.00	9.40
5649	26.58	-0.03	-0.00	-0.06	9.87
5665	26.73	-0.03	0.00	0.13	9.40
5681	26.87	-0.03	-0.00	-0.06	8.93
5697	27.02	-0.03	-0.00	0.00	9.40
5712	27.17	-0.03	-0.00	0.00	9.40
5729	27.33	-0.03	0.00	0.06	9.87
5745	27.47	-0.03	-0.00	-0.06	8.93
5761	27.62	-0.03	-0.00	0.00	9.40
5777	27.77	-0.03	-0.00	0.00	9.40
5793	27.93	-0.03	0.00	0.06	9.87
5809	28.07	-0.03	-0.00	-0.06	8.93
5825	28.22	-0.03	-0.00	0.00	9.40
5840	28.37	-0.03	-0.00	0.00	9.40
5857	28.52	-0.03	-0.00	0.00	9.40
5873	28.67	-0.03	-0.00	0.00	9.40
5889	28.83	-0.03	0.00	0.06	9.87
5905	28.98	-0.03	-0.00	-0.06	8.93
5921	29.13	-0.03	-0.00	0.00	9.40
5937	29.28	-0.03	-0.00	0.00	9.40
5953	29.43	-0.03	-0.00	0.00	9.40
5968	29.58	-0.03	-0.00	0.00	9.40
5985	29.73	-0.03	-0.00	0.00	9.40
6001	29.88	-0.03	-0.00	0.00	9.40
6017	30.03	-0.03	-0.00	0.00	9.40
6033	30.18	-0.03	-0.00	0.00	9.40
6049	30.34	-0.03	0.00	0.06	9.87
6065	30.48	-0.03	-0.00	-0.06	8.93
6081	30.63	-0.03	-0.00	0.00	9.40
6096	30.78	-0.03	-0.00	0.00	9.40
6113	30.93	-0.03	-0.00	0.00	9.40
6129	31.08	-0.03	-0.00	0.00	9.40
6145	31.23	-0.03	-0.00	0.00	9.40
6161	31.38	-0.03	-0.00	0.00	9.40
6176	31.53	-0.03	-0.00	0.00	9.40
6193	31.68	-0.03	-0.00	0.00	9.40
6209	31.83	-0.03	-0.00	0.00	9.40
6224	31.98	-0.03	-0.00	0.00	9.40
6241	32.13	-0.03	-0.00	0.00	9.40
6257	32.28	-0.04	-0.00	0.00	9.40
6273	32.43	-0.04	-0.00	0.00	9.40
6289	32.58	-0.04	-0.00	0.00	9.40
6304	32.73	-0.04	-0.00	0.00	9.40
6321	32.88	-0.04	-0.00	0.00	9.40
6337	33.03	-0.04	-0.00	0.00	9.40
6352	33.18	-0.04	-0.00	0.00	9.40
6369	33.33	-0.04	-0.00	0.00	9.40
6385	33.49	-0.04	-0.00	0.00	9.40
6401	33.64	-0.04	-0.00	0.00	9.40
6417	33.79	-0.04	-0.00	0.00	9.40
6432	33.94	-0.04	-0.00	0.00	9.40
6449	34.09	-0.04	-0.00	0.00	9.40
6465	34.24	-0.04	-0.00	0.00	9.40
6480	34.39	-0.04	-0.00	0.00	9.40
6497	34.54	-0.04	-0.00	0.00	9.40
6513	34.69	-0.04	-0.00	0.00	9.40
6529	34.84	-0.04	-0.00	0.00	9.40
6545	34.99	-0.04	-0.00	0.00	9.40
6560	35.14	-0.04	-0.00	0.00	9.40
6577	35.29	-0.04	-0.00	0.00	9.40
6593	35.44	-0.04	-0.00	0.00	9.40
6608	35.59	-0.04	-0.00	0.00	9.40
6625	35.74	-0.04	-0.00	0.00	9.40
6641	35.89	-0.04	-0.00	0.00	9.40
6657	36.04	-0.04	-0.00	0.00	9.40
6673	36.19	-0.04	-0.00	0.00	9.40
6688	36.34	-0.04	-0.00	0.00	9.40
6705	36.49	-0.04	-0.00	0.00	9.40
6721	36.63	-0.04	-0.00	-0.06	8.93
6736	36.79	-0.04	-0.00	0.06	9.87
6753	36.94	-0.04	-0.00	0.00	9.40
6769	37.09	-0.04	-0.00	0.00	9.40
6785	37.24	-0.04	-0.00	0.00	9.40
6801	37.39	-0.04	0.00	0.06	8.93
6817	37.54	-0.04	-0.00	-0.06	9.87
6833	37.69	-0.04	-0.00	0.00	9.40
6849	37.84	-0.04	-0.00	-0.06	8.93
6864	37.99	-0.04	-0.00	0.06	9.87
6881	38.15	-0.04	-0.00	0.00	9.40
6897	38.30	-0.04	-0.00	0.00	9.40
6913	38.45	-0.04	-0.00	0.00	9.40
6929	38.59	-0.04	-0.00	-0.06	8.93
6944	38.74	-0.04	-0.00	0.00	9.40
6961	38.90	-0.04	-0.00	0.06	9.87
6977	39.05	-0.04	-0.00	0.00	9.40
6992	39.19	-0.04	0.00	0.06	8.93
7009	39.35	-0.04	-0.00	-0.06	9.87
7025	39.49	-0.04	-0.00	-0.06	8.93
7041	39.64	-0.04	-0.00	0.00	9.40
7057	39.80	-0.04	-0.00	0.06	9.87
7072	39.95	-0.04	-0.00	0.00	9.40
7089	40.10	-0.04	-0.00	0.00	9.40
7105	40.25	-0.04	-0.00	0.00	9.40
7120	40.39	-0.04	-0.00	-0.06	8.93
7137	40.54	-0.04	-0.00	0.00	9.40
7153	40.70	-0.04	-0.00	0.06	9.87
7169	40.85	-0.04	-0.00	0.00	9.40
7185	40.99	-0.05	0.00	0.06	8.93
7201	41.15	-0.05	-0.00	-0.06	9.87
7217	41.30	-0.05	-0.00	0.00	9.40
7233	41.44	-0.05	-0.00	-0.06	8.93
7248	41.60	-0.05	-0.00	0.06	9.87
7265	41.75	-0.05	-0.00	0.00	9.40
7281	41.89	-0.05	-0.00	0.00	8.46
7297	42.05	-0.05	-0.00	0.00	10.33
7313	42.20	-0.05	-0.00	0.00	9.40
7329	42.35	-0.05	-0.00	-0.06	8.93
7345	42.50	-0.05	-0.00	0.06	9.87
7361	42.65	-0.05	-0.00	0.00	9.40
7376	42.80	-0.05	-0.00	-0.06	8.93
7393	42.96	-0.05	-0.00	0.06	9.87
7409	43.11	-0.05	-0.00	0.00	9.40
7425	43.25	-0.05	-0.00	-0.06	8.93
7441	43.41	-0.05	-0.00	0.06	9.87
7456	43.56	-0.05	-0.00	0.00	9.40
7473	43.70	-0.05	-0.00	-0.06	8.93
7489	43.86	-0.05	-0.00	0.06	9.87
7504	44.01	-0.05	-0.00	0.00	9.40
7521	44.15	-0.05	-0.00	-0.06	8.93
7537	44.30	-0.05	-0.00	0.00	9.40
7553	44.46	-0.05	-0.00	0.06	9.87
7569	44.60	-0.05	0.00	0.06	8.93
7585	44.76	-0.05	-0.00	-0.06	9.87
7601	44.90	-0.05	-0.00	-0.06	8.93
7617	45.05	-0.05	-0.00	0.00	9.40
7632	45.21	-0.05	-0.00	0.06	9.87
7649	45.36	-0.05	-0.00	0.00	9.40
7665	45.51	-0.05	-0.00	0.00	9.40
7681	45.65	-0.05	-0.00	-0.06	8.93
7697	45.81	-0.05	-0.00	0.06	9.87
7712	45.96	-0.05	-0.00	0.00	9.40
7729	46.10	-0.05	-0.00	-0.06	8.93
7745	46.26	-0.05	-0.00	0.06	9.87
7760	46.41	-0.05	-0.00	0.00	9.40
7777	46.56	-0.05	-0.00	-0.06	8.93
7793	46.71	-0.05	-0.00	0.06	9.87
7809	46.86	-0.05	-0.00	0.00	9.40
7825	47.01	-0.05	-0.00	-0.06	8.93
7841	47.16	-0.05	-0.00	0.06	9.87
7857	47.32	-0.05	-0.00	0.00	9.40
7873	47.46	-0.05	-0.00	-0.06	8.93
7888	47.61	-0.05	-0.00	0.00	9.40
7905	47.77	-0.05	-0.00	0.06	9.87
7921	47.92	-0.05	-0.00	0.00	9.40
7937	48.06	-0.05	-0.00	-0.06	8.93
7953	48.22	-0.05	-0.00	0.06	9.87
7968	48.37	-0.05	-0.00	0.00	9.40
7985	48.51	-0.06	-0.00	-0.06	8.93
8001	48.66	-0.06	-0.00	0.00	9.40
8016	48.82	-0.06	-0.00	0.06	9.87
8033	48.97	-0.06	-0.00	0.00	9.40
8049	49.12	-0.06	-0.00	0.00	9.40
8065	49.26	-0.06	-0.00	-0.06	8.93
8081	49.41	-0.06	-0.00	0.00	9.40
8097	49.57	-0.06	-0.00	0.06	9.87
8113	49.72	-0.06	-0.00	0.00	9.40
8129	49.86	-0.06	-0.00	-0.06	8.93
8144	50.02	-0.06	-0.00	0.06	9.87
8161	50.17	-0.06	-0.00	0.00	9.40
8177	50.31	-0.06	-0.00	-0.06	8.93
8193	50.46	-0.06	-0.00	0.00	9.40
8209	50.62	-0.06	-0.00	0.06	9.87
8225	50.77	-0.06	-0.00	0.00	9.40
8241	50.92	-0.06	-0.00	0.00	9.40
8257	51.07	-0.06	-0.00	-0.06	8.93
8272	51.22	-0.06	-0.00	0.00	9.40
8289	51.37	-0.06	-0.00	0.06	9.87
8305	51.52	-0.06	-0.00	0.00	9.40
8321	51.67	-0.06	-0.00	-0.06	8.93
8337	51.82	-0.06	-0.00	0.00	9.40
8353	51.98	-0.06	-0.00	0.06	9.87
8369	52.13	-0.06	-0.00	0.00	9.40
8385	52.27	-0.06	-0.00	-0.06	8.93
8400	52.43	-0.06	-0.00	0.06	9.87
8417	52.58	-0.06	-0.00	0.00	9.40
8433	52.71	-0.06	-0.00	0.00	8.46
8449	52.87	-0.06	-0.00	-0.06	9.87
8465	53.03	-0.06	-0.00	0.06	9.87
8480	53.18	-0.06	-0.00	0.00	9.40
8497	53.32	-0.06	-0.00	-0.06	8.93
8513	53.47	-0.06	-0.00	0.00	9.40
8528	53.63	-0.06	-0.00	0.06	9.87
8545	53.78	-0.06	-0.00	0.00	9.40
8561	53.92	-0.06	-0.00	-0.06	8.93
8577	54.07	-0.06	-0.00	0.00	9.40
8593	54.23	-0.06	-0.00	0.06	9.87
8609	54.38	-0.06	-0.00	0.00	9.40
8625	54.52	-0.06	-0.00	-0.06	8.93
8641	54.67	-0.06	-0.00	0.00	9.40
8656	54.83	-0.06	-0.00	0.06	9.87
8673	54.98	-0.06	-0.00	0.00	9.40
8689	55.13	-0.06	-0.00	0.00	9.40
8705	55.27	-0.07	-0.00	-0.06	8.93
8721	55.42	-0.07	-0.00	0.06	8.93
8737	55.58	-0.07	-0.00	0.00	10.33
8753	55.73	-0.07	-0.00	0.00	9.40
8769	55.88	-0.07	-0.00	-0.06	8.93
8784	56.03	-0.07	-0.00	0.00	9.40
8801	56.18	-0.07	-0.00	0.06	9.87
8817	56.33	-0.07	-0.00	0.00	9.40
8833	56.48	-0.07	-0.00	-0.06	8.93
8849	56.63	-0.07	0.00	0.13	9.40
8865	56.78	-0.07	-0.00	-0.13	9.40
8881	56.94	-0.07	-0.00	0.06	9.87
8897	57.09	-0.07	-0.00	0.00	9.40
8912	57.23	-0.07	-0.00	-0.06	8.93
8929	57.38	-0.07	-0.00	0.00	9.40
8945	57.54	-0.07	-0.00	0.06	9.87
8961	57.69	-0.07	-0.00	0.00	9.40
8977	57.83	-0.07	-0.00	-0.06	8.93
8993	57.99	-0.07	-0.00	0.06	9.87
9009	58.13	-0.07	0.00	0.06	8.93
9025	58.28	-0.07	-0.00	-0.13	9.40
9040	58.43	-0.07	-0.00	0.00	9.40
9057	58.59	-0.07	-0.00	0.06	9.87
9073	58.74	-0.07	-0.00	0.00	9.40
9089	58.88	-0.07	-0.00	-0.06	8.93
9105	59.03	-0.07	0.00	0.13	9.40
9121	59.19	-0.07	-0.00	-0.06	9.87
9137	59.33	-0.07	-0.00	-0.06	8.93
9153	59.48	-0.07	-0.00	0.00	9.40
9168	59.64	-0.07	-0.00	0.06	9.87
9185	59.79	-0.07	-0.00	0.00	9.40
9201	59.93	-0.07	0.00	0.06	8.93
9217	60.09	-0.07	-0.00	-0.13	9.40
9233	60.24	-0.07	-0.00	0.00	9.40
9249	60.39	-0.07	-0.00	0.06	9.87
9265	60.54	-0.07	-0.00	0.00	9.40
9281	60.63	-0.07	-0.00	0.00	5.64
9296	60.67	-0.07	-0.00	-0.06	2.35
9313	60.69	-0.07	-0.00	0.00	0.94
9329	60.70	-0.07	-0.00	0.00	0.94
9345	60.71	-0.07	-0.00	-0.06	0.47
9361	60.72	-0.07	-0.01	-0.13	0.94
9377	60.74	-0.07	-0.01	0.00	0.94
9393	60.76	-0.07	-0.00	0.06	1.41
9409	60.78	-0.07	-0.00	0.13	0.94
9424	60.78	-0.07	-0.00	0.06	0.47
9441	60.78	-0.07	-0.00	0.00	0.00
9457	60.78	-0.07	-0.00	0.00	0.00
9473	60.78	-0.07	-0.00	0.00	0.00
9489	60.78	-0.07	-0.00	0.00	0.00
9504	60.78	-0.07	-0.00	0.00	0.00
9521	60.78	-0.07	-0.00	0.00	0.00
9537	60.78	-0.07	-0.00	0.00	0.00
9552	60.78	-0.07	-0.00	0.00	0.00
9569	60.78	-0.07	-0.00	0.00	0.00
9585	60.78	-0.07	-0.00	0.00	0.00
9601	60.78	-0.07	-0.00	0.00	0.00
9617	60.78	-0.07	-0.00	0.00	0.00
9632	60.78	-0.07	-0.00	0.00	0.00
9649	60.78	-0.07	-0.00	0.00	0.00
9665	60.78	-0.07	-0.00	0.00	0.00
9680	60.78	-0.07	-0.00	0.00	0.00
9697	60.78	-0.07	-0.00	0.00	0.00
9713	60.78	-0.07	-0.00	0.00	0.00
9729	60.78	-0.07	-0.00	0.00	0.00
9745	60.78	-0.07	-0.00	0.00	0.00
9760	60.78	-0.07	-0.00	0.00	0.00
9777	60.78	-0.07	-0.00	0.00	0.00
9793	60.78	-0.07	-0.00	0.00	0.00
9808	60.78	-0.07	-0.00	0.00	0.00
9825	60.78	-0.07	-0.00	0.00	0.00
9841	60.78	-0.07	-0.00	0.00	0.00
9857	60.78	-0.07	-0.00	0.00	0.00
9873	60.78	-0.07	-0.00	0.00	0.00
9888	60.78	-0.07	-0.00	0.00	0.00
9905	60.78	-0.07	-0.00	0.00	0.00
9921	60.78	-0.07	-0.00	0.00	0.00
9936	60.78	-0.07	-0.00	0.00	0.00
9953	60.78	-0.07	-0.00	0.00	0.00
9969	60.78	-0.07	-0.00	0.00	0.00
9985	60.78	-0.07	-0.00	0.00	0.00
10001	60.78	-0.07	-0.00	0.00	0.00
10016	60.78	-0.07	-0.00	0.00	0.00
10033	60.78	-0.07	-0.00	0.00	0.00
10049	60.78	-0.07	-0.00	0.00	0.00
10064	60.78	-0.07	-0.00	0.00	0.00
10081	60.78	-0.07	-0.00	0.00	0.00
10097	60.78	-0.07	-0.00	0.00	0.00
10113	60.78	-0.07	-0.00	0.00	0.00
10129	60.78	-0.07	-0.00	0.00	0.00
10144	60.78	-0.07	-0.00	0.00	0.00
10161	60.78	-0.07	-0.00	0.00	0.00
10177	60.78	-0.07	-0.00	0.00	0.00
10192	60.78	-0.07	-0.00	0.00	0.00
10209	60.78	-0.07	-0.00	0.00	0.00
10225	60.78	-0.07	-0.00	0.00	0.00
10241	60.78	-0.07	-0.00	0.00	0.00
10257	60.78	-0.07	-0.00	0.00	0.00
10272	60.78	-0.07	-0.00	0.00	0.00
10289	60.78	-0.07	-0.00	0.00	0.00
10305	60.78	-0.07	-0.00	0.00	0.00
10320	60.78	-0.07	-0.00	0.00	0.00
10337	60.78	-0.07	-0.00	0.00	0.00
10353	60.78	-0.07	-0.00	0.00	0.00
10369	60.78	-0.07	-0.00	0.00	0.00
10385	60.78	-0.07	-0.00	0.00	0.00
10400	60.78	-0.07	-0.00	0.00	0.00
10417	60.78	-0.07	-0.00	0.00	0.00
10433	60.78	-0.07	-0.00	0.00	0.00
10448	60.78	-0.07	-0.00	0.00	0.00
10465	60.78	-0.07	-0.00	0.00	0.00
10481	60.78	-0.07	-0.00	0.00	0.00
10497	60.78	-0.07	-0.00	0.00	0.00
10513	60.79	-0.07	-0.00	-0.06	0.47
10529	60.80	-0.07	-0.00	-0.06	0.47
10545	60.80	-0.07	-0.00	0.00	0.00
10561	60.80	-0.07	-0.00	0.00	0.00
10576	60.81	-0.07	-0.00	-0.06	0.47
10593	60.81	-0.07	-0.01	-0.06	0.47
10609	60.81	-0.07	-0.01	0.00	0.00
10625	60.81	-0.07	-0.01	0.00	0.00
10641	60.81	-0.07	-0.01	0.00	0.00
10656	60.81	-0.07	-0.01	0.00	0.00
10673	60.81	-0.07	-0.01	0.00	0.00
10689	60.81	-0.07	-0.01	0.00	0.00
10704	60.81	-0.07	-0.01	0.00	0.00
10721	60.81	-0.07	-0.01	0.00	0.00
10737	60.81	-0.07	-0.01	0.00	0.00
10753	60.81	-0.07	-0.01	0.00	0.00
10769	60.81	-0.07	-0.01	0.00	0.00
10784	60.81	-0.07	-0.01	0.00	0.00
10801	60.81	-0.07	-0.01	0.00	0.00
10817	60.81	-0.07	-0.01	0.00	0.00
10832	60.81	-0.07	-0.01	0.00	0.00
10849	60.81	-0.07	-0.01	0.00	0.00
10865	60.81	-0.07	-0.01	0.00	0.00
10881	60.81	-0.07	-0.01	0.00	0.00
10897	60.81	-0.07	-0.01	0.00	0.00
10912	60.81	-0.07	-0.01	0.00	0.00
10929	60.81	-0.07	-0.01	0.00	0.00
10945	60.81	-0.07	-0.01	0.00	0.00
10960	60.81	-0.07	-0.01	0.00	0.00
10977	60.81	-0.07	-0.01	0.00	0.00
10993	60.81	-0.07	-0.01	0.00	0.00
11009	60.81	-0.07	-0.01	0.00	0.00
11025	60.81	-0.07	-0.01	0.00	0.00
11040	60.81	-0.07	-0.01	0.00	0.00
11057	60.81	-0.07	-0.01	0.00	0.00
11073	60.81	-0.07	-0.01	0.00	0.00
11088	60.81	-0.07	-0.01	0.00	0.00
11105	60.81	-0.07	-0.01	0.00	0.00
11121	60.81	-0.07	-0.01	0.00	0.00
11137	60.81	-0.07	-0.01	0.00	0.00
11153	60.81	-0.07	-0.01	0.00	0.00
11168	60.81	-0.07	-0.01	0.00	0.00
11185	60.81	-0.07	-0.01	0.00	0.00
11201	60.81	-0.07	-0.01	0.00	0.00
11216	60.81	-0.07	-0.01	0.00	0.00
11233	60.81	-0.07	-0.01	0.00	0.00
11249	60.81	-0.07	-0.01	0.00	0.00
11265	60.81	-0.07	-0.01	0.00	0.00
11281	60.81	-0.07	-0.01	0.00	0.00
11296	60.81	-0.07	-0.01	0.00	0.00
11313	60.81	-0.07	-0.01	0.00	0.00
11329	60.81	-0.07	-0.01	0.00	0.00
11344	60.81	-0.07	-0.01	0.00	0.00
11361	60.81	-0.07	-0.01	0.00	0.00
11377	60.81	-0.07	-0.01	0.00	0.00
11393	60.81	-0.07	-0.01	0.00	0.00
11409	60.81	-0.07	-0.01	0.00	0.00
11424	60.81	-0.07	-0.01	0.00	0.00
11441	60.81	-0.07	-0.01	0.00	0.00
11457	60.81	-0.07	-0.01	0.00	0.00
11472	60.81	-0.07	-0.01	0.00	0.00
11489	60.81	-0.07	-0.01	0.00	0.00
11505	60.81	-0.07	-0.01	0.00	0.00
11521	60.81	-0.07	-0.01	0.00	0.00
11537	60.81	-0.07	-0.01	0.00	0.00
11552	60.81	-0.07	-0.01	0.00	0.00
11569	60.81	-0.07	-0.01	0.00	0.00
11585	60.81	-0.07	-0.01	0.00	0.00
11600	60.81	-0.07	-0.01	0.00	0.00
11617	60.81	-0.07	-0.01	0.00	0.00
11633	60.81	-0.07	-0.01	0.00	0.00
11649	60.81	-0.07	-0.01	0.00	0.00
11665	60.81	-0.07	-0.01	0.00	0.00
11680	60.81	-0.07	-0.01	0.00	0.00
11697	60.81	-0.07	-0.01	0.00	0.00
11713	60.81	-0.07	-0.01	0.00	0.00
11728	60.81	-0.07	-0.01	0.00	0.00
11745	60.81	-0.07	-0.01	0.00	0.00
11761	60.81	-0.07	-0.01	0.00	0.00
11777	60.81	-0.07	-0.01	0.00	0.00
11793	60.81	-0.07	-0.01	0.00	0.00
11808	60.81	-0.07	-0.01	0.00	0.00
11825	60.81	-0.07	-0.01	0.00	0.00
11841	60.81	-0.07	-0.01	0.00	0.00
11856	60.81	-0.07	-0.01	0.00	0.00
11873	60.81	-0.07	-0.01	0.00	0.00
11889	60.81	-0.07	-0.01	0.00	0.00
11905	60.81	-0.07	-0.01	0.00	0.00
11921	60.81	-0.07	-0.01	0.00	0.00
11936	60.81	-0.07	-0.01	0.00	0.00
11953	60.81	-0.07	-0.01	0.00	0.00
11969	60.81	-0.07	-0.01	0.00	0.00
11984	60.81	-0.07	-0.01	0.00	0.00
12001	60.81	-0.07	-0.01	0.00	0.00
12017	60.81	-0.07	-0.01	0.00	0.00
12033	60.81	-0.07	-0.01	0.00	0.00
12049	60.81	-0.07	-0.01	0.00	0.00
12064	60.81	-0.07	-0.01	0.00	0.00
12081	60.81	-0.07	-0.01	0.00	0.00
12097	60.81	-0.07	-0.01	0.00	0.00
12112	60.81	-0.07	-0.01	0.00	0.00
12129	60.81	-0.07	-0.01	0.00	0.00
12145	60.81	-0.07	-0.01	0.00	0.00
12161	60.81	-0.07	-0.01	0.00	0.00
12177	60.81	-0.07	-0.01	0.00	0.00
12192	60.81	-0.07	-0.01	0.00	0.00
12209	60.81	-0.07	-0.01	0.00	0.00
12225	60.81	-0.07	-0.01	0.00	0.00
12240	60.81	-0.07	-0.01	0.00	0.00
12257	60.81	-0.07	-0.01	0.00	0.00
12273	60.81	-0.07	-0.01	0.00	0.00
12289	60.81	-0.07	-0.01	0.00	0.00
12305	60.81	-0.07	-0.01	0.00	0.00
12320	60.81	-0.07	-0.01	0.00	0.00
12337	60.81	-0.07	-0.01	0.00	0.00
12353	60.81	-0.07	-0.01	0.00	0.00
12368	60.81	-0.07	-0.01	0.00	0.00
12385	60.81	-0.07	-0.01	0.00	0.00
12401	60.81	-0.07	-0.01	0.00	0.00
12417	60.81	-0.07	-0.01	0.00	0.00
12433	60.81	-0.07	-0.01	0.00	0.00
12448	60.81	-0.07	-0.01	0.00	0.00
12465	60.81	-0.07	-0.01	0.00	0.00
12481	60.81	-0.07	-0.01	0.00	0.00
12496	60.81	-0.07	-0.01	0.00	0.00
12513	60.81	-0.07	-0.01	0.00	0.00
12529	60.81	-0.07	-0.01	0.00	0.00
12545	60.81	-0.07	-0.01	0.00	0.00
12561	60.81	-0.07	-0.01	0.00	0.00
12576	60.81	-0.07	-0.01	0.00	0.00
12593	60.81	-0.07	-0.01	0.00	0.00
12609	60.81	-0.07	-0.01	0.00	0.00
12624	60.81	-0.07	-0.01	0.00	0.00
12641	60.81	-0.07	-0.01	0.00	0.00
12657	60.81	-0.07	-0.01	0.00	0.00
12673	60.81	-0.07	-0.01	0.00	0.00
12689	60.81	-0.07	-0.01	0.00	0.00
12704	60.81	-0.07	-0.01	0.00	0.00
12721	60.81	-0.07	-0.01	0.00	0.00
12737	60.81	-0.07	-0.01	0.00	0.00
12752	60.81	-0.07	-0.01	0.00	0.00
12769	60.81	-0.07	-0.01	0.00	0.00
12785	60.81	-0.07	-0.01	0.00	0.00
12801	60.81	-0.07	-0.01	0.00	0.00
12817	60.81	-0.07	-0.01	0.00	0.00
12832	60.81	-0.07	-0.01	0.00	0.00
12849	60.81	-0.07	-0.01	0.00	0.00
12865	60.81	-0.07	-0.01	0.00	0.00
12880	60.81	-0.07	-0.01	0.00	0.00
12897	60.81	-0.07	-0.01	0.00	0.00
12913	60.81	-0.07	-0.01	0.00	0.00
12929	60.81	-0.07	-0.01	0.00	0.00
12945	60.81	-0.07	-0.01	0.00	0.00
12960	60.81	-0.07	-0.01	0.00	0.00
12977	60.81	-0.07	-0.01	0.00	0.00
12993	60.81	-0.07	-0.01	0.00	0.00
13008	60.81	-0.07	-0.01	0.00	0.00
13025	60.81	-0.07	-0.01	0.00	0.00
13041	60.81	-0.07	-0.01	0.00	0.00
13057	60.81	-0.07	-0.01	0.00	0.00
13073	60.81	-0.07	-0.01	0.00	0.00
13088	60.81	-0.07	-0.01	0.00	0.00
13105	60.81	-0.07	-0.01	0.00	0.00
13121	60.81	-0.07	-0.01	0.00	0.00
13136	60.81	-0.07	-0.01	0.00	0.00
13153	60.81	-0.07	-0.01	0.00	0.00
13169	60.81	-0.07	-0.01	0.00	0.00
13185	60.81	-0.07	-0.01	0.00	0.00
13201	60.81	-0.07	-0.01	0.00	0.00
13216	60.81	-0.07	-0.01	0.00	0.00
13233	60.81	-0.07	-0.01	0.00	0.00
13249	60.81	-0.07	-0.01	0.00	0.00
13264	60.81	-0.07	-0.01	0.00	0.00
13281	60.81	-0.07	-0.01	0.00	0.00
13297	60.81	-0.07	-0.01	0.00	0.00
13313	60.81	-0.07	-0.01	0.00	0.00
13329	60.81	-0.07	-0.01	0.00	0.00
13344	60.81	-0.07	-0.01	0.00	0.00
13361	60.81	-0.07	-0.01	0.00	0.00
13377	60.81	-0.07	-0.01	0.00	0.00
13392	60.81	-0.07	-0.01	0.00	0.00
13409	60.81	-0.07	-0.01	0.00	0.00
13425	60.81	-0.07	-0.01	0.00	0.00
13441	60.81	-0.07	-0.01	0.00	0.00
13457	60.81	-0.07	-0.01	0.00	0.00
13472	60.81	-0.07	-0.01	0.00	0.00
13489	60.81	-0.07	-0.01	0.00	0.00
13505	60.81	-0.07	-0.01	0.00	0.00
13520	60.81	-0.07	-0.01	0.00	0.00
13537	60.81	-0.07	-0.01	0.00	0.00
13553	60.81	-0.07	-0.01	0.00	0.00
13569	60.81	-0.07	-0.01	0.00	0.00
13585	60.81	-0.07	-0.01	0.00	0.00
13600	60.81	-0.07	-0.01	0.00	0.00
13617	60.81	-0.07	-0.01	0.00	0.00
13633	60.81	-0.07	-0.01	0.00	0.00
13648	60.81	-0.07	-0.01	0.00	0.00
13665	60.81	-0.07	-0.01	0.00	0.00
13681	60.81	-0.07	-0.01	0.00	0.00
13697	60.81	-0.07	-0.01	0.00	0.00
13713	60.81	-0.07	-0.01	0.00	0.00
13728	60.81	-0.07	-0.01	0.00	0.00
13745	60.81	-0.07	-0.01	0.00	0.00
13761	60.81	-0.07	-0.01	0.00	0.00
13776	60.81	-0.07	-0.01	0.00	0.00
13793	60.81	-0.07	-0.01	0.00	0.00
13809	60.81	-0.07	-0.01	0.00	0.00
13825	60.81	-0.07	-0.01	0.00	0.00
13841	60.81	-0.07	-0.01	0.00	0.00
13856	60.81	-0.07	-0.01	0.00	0.00
13873	60.81	-0.07	-0.01	0.00	0.00
13889	60.81	-0.07	-0.01	0.00	0.00
13904	60.81	-0.07	-0.01	0.00	0.00
13921	60.81	-0.07	-0.01	0.00	0.00
13937	60.81	-0.07	-0.01	0.00	0.00
13953	60.81	-0.07	-0.01	0.00	0.00
13969	60.81	-0.07	-0.01	0.00	0.00
13984	60.81	-0.07	-0.01	0.00	0.00
14001	60.81	-0.07	-0.01	0.00	0.00
14017	60.81	-0.07	-0.01	0.00	0.00
14032	60.81	-0.07	-0.01	0.00	0.00
14049	60.81	-0.07	-0.01	0.00	0.00
14065	60.81	-0.07	-0.01	0.00	0.00
14081	60.81	-0.07	-0.01	0.00	0.00
14097	60.81	-0.07	-0.01	0.00	0.00
14112	60.81	-0.07	-0.01	0.00	0.00
14129	60.81	-0.07	-0.01	0.00	0.00
14145	60.81	-0.07	-0.01	0.00	0.00
14160	60.81	-0.07	-0.01	0.00	0.00
14177	60.81	-0.07	-0.01	0.00	0.00
14193	60.81	-0.07	-0.01	0.00	0.00
14209	60.81	-0.07	-0.01	0.00	0.00
14225	60.81	-0.07	-0.01	0.00	0.00
14240	60.81	-0.07	-0.01	0.00	0.00
14257	60.81	-0.07	-0.01	0.00	0.00
14273	60.81	-0.07	-0.01	0.00	0.00
14288	60.81	-0.07	-0.01	0.00	0.00
14305	60.81	-0.07	-0.01	0.00	0.00
14321	60.81	-0.07	-0.01	0.00	0.00
14337	60.81	-0.07	-0.01	0.00	0.00
14353	60.81	-0.07	-0.01	0.00	0.00
14368	60.81	-0.07	-0.01	0.00	0.00
14385	60.81	-0.07	-0.01	0.00	0.00
14401	60.81	-0.07	-0.01	0.00	0.00
14416	60.81	-0.07	-0.01	0.00	0.00
14433	60.81	-0.07	-0.01	0.00	0.00
14449	60.81	-0.07	-0.01	0.00	0.00
14465	60.81	-0.07	-0.01	0.00	0.00
14481	60.81	-0.07	-0.01	0.00	0.00
14496	60.81	-0.07	-0.01	0.00	0.00
14513	60.81	-0.07	-0.01	0.00	0.00
14529	60.81	-0.07	-0.01	0.00	0.00
14544	60.81	-0.07	-0.01	0.00	0.00
14561	60.81	-0.07	-0.01	0.00	0.00
14577	60.81	-0.07	-0.01	0.00	0.00
14593	60.81	-0.07	-0.01	0.00	0.00
14609	60.81	-0.07	-0.01	0.00	0.00
14624	60.81	-0.07	-0.01	0.00	0.00
14641	60.81	-0.07	-0.01	0.00	0.00
14657	60.81	-0.07	-0.01	0.00	0.00
14672	60.81	-0.07	-0.01	0.00	0.00
14689	60.81	-0.07	-0.01	0.00	0.00
14705	60.81	-0.07	-0.01	0.00	0.00
14721	60.81	-0.07	-0.01	0.00	0.00
14737	60.81	-0.07	-0.01	0.00	0.00
14752	60.81	-0.07	-0.01	0.00	0.00
14769	60.81	-0.07	-0.01	0.00	0.00
14785	60.81	-0.07	-0.01	0.00	0.00
14800	60.81	-0.07	-0.01	0.00	0.00
14817	60.81	-0.07	-0.01	0.00	0.00
14833	60.81	-0.07	-0.01	0.00	0.00
14849	60.81	-0.07	-0.01	0.00	0.00
14865	60.81	-0.07	-0.01	0.00	0.00
14880	60.81	-0.07	-0.01	0.00	0.00
14897	60.81	-0.07	-0.01	0.00	0.00
14913	60.81	-0.07	-0.01	0.00	0.00
14928	60.81	-0.07	-0.01	0.00	0.00
14945	60.81	-0.07	-0.01	0.00	0.00
14961	60.81	-0.07	-0.01	0.00	0.00
14977	60.81	-0.07	-0.01	0.00	0.00
14993	60.81	-0.07	-0.01	0.00	0.00
15008	60.81	-0.07	-0.01	0.00	0.00
15025	60.81	-0.07	-0.01	0.00	0.00
15041	60.81	-0.07	-0.01	0.00	0.00
15056	60.81	-0.07	-0.01	0.00	0.00
15073	60.81	-0.07	-0.01	0.00	0.00
15089	60.81	-0.07	-0.01	0.00	0.00
15105	60.81	-0.07	-0.01	0.00	0.00
15121	60.81	-0.07	-0.01	0.00	0.00
15136	60.81	-0.07	-0.01	0.00	0.00
15153	60.81	-0.07	-0.01	0.00	0.00
15169	60.81	-0.07	-0.01	0.00	0.00
15184	60.81	-0.07	-0.01	0.00	0.00
15201	60.81	-0.07	-0.01	0.00	0.00
15217	60.81	-0.07	-0.01	0.00	0.00
15233	60.81	-0.07	-0.01	0.00	0.00
15249	60.81	-0.07	-0.01	0.00	0.00
15264	60.81	-0.07	-0.01	0.00	0.00
15281	60.81	-0.07	-0.01	0.00	0.00
15297	60.81	-0.07	-0.01	0.00	0.00
15312	60.81	-0.07	-0.01	0.00	0.00
15329	60.81	-0.07	-0.01	0.00	0.00
15345	60.81	-0.07	-0.01	0.00	0.00
15361	60.81	-0.07	-0.01	0.00	0.00
15377	60.81	-0.07	-0.01	0.00	0.00
15392	60.81	-0.07	-0.01	0.00	0.00
15409	60.81	-0.07	-0.01	0.00	0.00
15425	60.81	-0.07	-0.01	0.00	0.00
15440	60.81	-0.07	-0.01	0.00	0.00
15457	60.81	-0.07	-0.01	0.00	0.00
15473	60.81	-0.07	-0.01	0.00	0.00
15489	60.81	-0.07	-0.01	0.00	0.00
15505	60.81	-0.07	-0.01	0.00	0.00
15520	60.81	-0.07	-0.01	0.00	0.00
15537	60.81	-0.07	-0.01	0.00	0.00
15553	60.81	-0.07	-0.01	0.00	0.00
15568	60.81	-0.07	-0.01	0.00	0.00
15585	60.81	-0.07	-0.01	0.00	0.00
15601	60.81	-0.07	-0.01	0.00	0.00
15617	60.81	-0.07	-0.01	0.00	0.00
15633	60.81	-0.07	-0.01	0.00	0.00
15648	60.81	-0.07	-0.01	0.00	0.00
15665	60.81	-0.07	-0.01	0.00	0.00
15681	60.81	-0.07	-0.01	0.00	0.00
15696	60.81	-0.07	-0.01	0.00	0.00
15713	60.81	-0.07	-0.01	0.00	0.00
15729	60.81	-0.07	-0.01	0.00	0.00
15745	60.81	-0.07	-0.01	0.00	0.00
15761	60.81	-0.07	-0.01	0.00	0.00
15776	60.81	-0.07	-0.01	0.00	0.00
15793	60.81	-0.07	-0.01	0.00	0.00
15809	60.81	-0.07	-0.01	0.00	0.00
15824	60.81	-0.07	-0.01	0.00	0.00
15841	60.81	-0.07	-0.01	0.00	0.00
15857	60.81	-0.07	-0.01	0.00	0.00
15873	60.81	-0.07	-0.01	0.00	0.00
15889	60.81	-0.07	-0.01	0.00	0.00
15904	60.81	-0.07	-0.01	0.00	0.00
15921	60.81	-0.07	-0.01	0.00	0.00
15937	60.81	-0.07	-0.01	0.00	0.00
15952	60.81	-0.07	-0.01	0.00	0.00
15969	60.81	-0.07	-0.01	0.00	0.00
15985	60.81	-0.07	-0.01	0.00	0.00
16001	60.81	-0.07	-0.01	0.00	0.00
16017	60.81	-0.07	-0.01	0.00	0.00
16032	60.81	-0.07	-0.01	0.00	0.00
16049	60.81	-0.07	-0.01	0.00	0.00
16065	60.81	-0.07	-0.01	0.00	0.00
16080	60.81	-0.07	-0.01	0.00	0.00
16097	60.81	-0.07	-0.01	0.00	0.00
16113	60.81	-0.07	-0.01	0.00	0.00
16129	60.81	-0.07	-0.01	0.00	0.00
16145	60.81	-0.07	-0.01	0.00	0.00
16160	60.81	-0.07	-0.01	0.00	0.00
16177	60.81	-0.07	-0.01	0.00	0.00
16193	60.81	-0.07	-0.01	0.00	0.00
16208	60.81	-0.07	-0.01	0.00	0.00
16225	60.81	-0.07	-0.01	0.00	0.00
16241	60.81	-0.07	-0.01	0.00	0.00
16257	60.81	-0.07	-0.01	0.00	0.00
16273	60.81	-0.07	-0.01	0.00	0.00
16288	60.81	-0.07	-0.01	0.00	0.00
16305	60.81	-0.07	-0.01	0.00	0.00
16321	60.81	-0.07	-0.01	0.00	0.00
16336	60.81	-0.07	-0.01	0.00	0.00
16353	60.81	-0.07	-0.01	0.00	0.00
16369	60.81	-0.07	-0.01	0.00	0.00
16385	60.81	-0.07	-0.01	0.00	0.00
16401	60.81	-0.07	-0.01	0.00	0.00
16416	60.81	-0.07	-0.01	0.00	0.00
16433	60.81	-0.07	-0.01	0.00	0.00
16449	60.81	-0.07	-0.01	0.00	0.00
16464	60.81	-0.07	-0.01	0.00	0.00
16481	60.81	-0.07	-0.01	0.00	0.00
16497	60.81	-0.07	-0.01	0.00	0.00
16513	60.81	-0.07	-0.01	0.00	0.00
16529	60.81	-0.07	-0.01	0.00	0.00
16544	60.81	-0.07	-0.01	0.00	0.00
16561	60.81	-0.07	-0.01	0.00	0.00
16577	60.81	-0.07	-0.01	0.00	0.00
16592	60.81	-0.07	-0.01	0.00	0.00
16609	60.81	-0.07	-0.01	0.00	0.00
16625	60.81	-0.07	-0.01	0.00	0.00
16641	60.81	-0.07	-0.01	0.00	0.00
16657	60.81	-0.07	-0.01	0.00	0.00
16672	60.81	-0.07	-0.01	0.00	0.00
16689	60.81	-0.07	-0.01	0.00	0.00
16705	60.81	-0.07	-0.01	0.00	0.00
16720	60.81	-0.07	-0.01	0.00	0.00
16737	60.81	-0.07	-0.01	0.00	0.00
16753	60.81	-0.07	-0.01	0.00	0.00
16769	60.81	-0.07	-0.01	0.00	0.00
16785	60.81	-0.07	-0.01	0.00	0.00
16800	60.81	-0.07	-0.01	0.00	0.00
16817	60.81	-0.07	-0.01	0.00	0.00
16833	60.81	-0.07	-0.01	0.00	0.00
16848	60.81	-0.07	-0.01	0.00	0.00
16865	60.81	-0.07	-0.01	0.00	0.00
16881	60.81	-0.07	-0.01	0.00	0.00
16897	60.81	-0.07	-0.01	0.00	0.00
16913	60.81	-0.07	-0.01	0.00	0.00
16928	60.81	-0.07	-0.01	0.00	0.00
16945	60.81	-0.07	-0.01	0.00	0.00
16961	60.81	-0.07	-0.01	0.00	0.00
16976	60.81	-0.07	-0.01	0.00	0.00
16993	60.81	-0.07	-0.01	0.00	0.00
17009	60.81	-0.07	-0.01	0.00	0.00
17025	60.81	-0.07	-0.01	0.00	0.00
17041	60.81	-0.07	-0.01	0.00	0.00
17056	60.81	-0.07	-0.01	0.00	0.00
17073	60.81	-0.07	-0.01	0.00	0.00
17089	60.81	-0.07	-0.01	0.00	0.00
17104	60.81	-0.07	-0.01	0.00	0.00
17121	60.81	-0.07	-0.01	0.00	0.00
17137	60.81	-0.07	-0.01	0.00	0.00
17153	60.81	-0.07	-0.01	0.00	0.00
17169	60.81	-0.07	-0.01	0.00	0.00
17184	60.81	-0.07	-0.01	0.00	0.00
17201	60.81	-0.07	-0.01	0.00	0.00
17217	60.81	-0.07	-0.01	0.00	0.00
17232	60.81	-0.07	-0.01	0.00	0.00
17249	60.81	-0.07	-0.01	0.00	0.00
17265	60.81	-0.07	-0.01	0.00	0.00
17281	60.81	-0.07	-0.01	0.00	0.00
17297	60.81	-0.07	-0.01	0.00	0.00
17312	60.81	-0.07	-0.01	0.00	0.00
17329	60.81	-0.07	-0.01	0.00	0.00
17345	60.81	-0.07	-0.01	0.00	0.00
17360	60.81	-0.07	-0.01	0.00	0.00
17377	60.81	-0.07	-0.01	0.00	0.00
17393	60.81	-0.07	-0.01	0.00	0.00
17409	60.81	-0.07	-0.01	0.00	0.00
17425	60.81	-0.07	-0.01	0.00	0.00
17440	60.81	-0.07	-0.01	0.00	0.00
17457	60.81	-0.07	-0.01	0.00	0.00
17473	60.81	-0.07	-0.01	0.00	0.00
17488	60.81	-0.07	-0.01	0.00	0.00
17505	60.81	-0.07	-0.01	0.00	0.00
17521	60.81	-0.07	-0.01	0.00	0.00
17537	60.81	-0.07	-0.01	0.00	0.00
17553	60.81	-0.07	-0.01	0.00	0.00
17568	60.81	-0.07	-0.01	0.00	0.00
17585	60.81	-0.07	-0.01	0.00	0.00
17601	60.81	-0.07	-0.01	0.00	0.00
17616	60.81	-0.07	-0.01	0.00	0.00
17633	60.81	-0.07	-0.01	0.00	0.00
17649	60.81	-0.07	-0.01	0.00	0.00
17665	60.81	-0.07	-0.01	0.00	0.00
17681	60.81	-0.07	-0.01	0.00	0.00
17696	60.81	-0.07	-0.01	0.00	0.00
17713	60.81	-0.07	-0.01	0.00	0.00
17729	60.81	-0.07	-0.01	0.00	0.00
17744	60.81	-0.07	-0.01	0.00	0.00
17761	60.81	-0.07	-0.01	0.00	0.00
17777	60.81	-0.07	-0.01	0.00	0.00
17793	60.81	-0.07	-0.01	0.00	0.00
17809	60.81	-0.07	-0.01	0.00	0.00
17824	60.81	-0.07	-0.01	0.00	0.00
17841	60.81	-0.07	-0.01	0.00	0.00
17857	60.81	-0.07	-0.01	0.00	0.00
17872	60.81	-0.07	-0.01	0.00	0.00
17889	60.81	-0.07	-0.01	0.00	0.00
17905	60.81	-0.07	-0.01	0.00	0.00
17921	60.81	-0.07	-0.01	0.00	0.00
17937	60.81	-0.07	-0.01	0.00	0.00
