setup
TCCR3B = 3
/setup
Roopsa_Ultrasonic_20cm
3889	1002	4008	71.01
3989	984	3936	69.75
4089	1015	4060	71.91
4189	1008	4032	71.43
4289	989	3956	70.10
4389	1022	4088	72.40
4489	1016	4064	71.98
4589	1003	4012	71.08
4689	1028	4112	72.82
4789	1028	4112	72.82
4889	1009	4036	71.50
4989	1028	4112	72.82
5089	1028	4112	72.82
5189	1016	4064	71.98
5289	1003	4012	71.08
5389	1047	4188	74.15
5489	1028	4112	72.82
5590	1009	4036	71.50
5689	1016	4064	71.98
5789	1034	4136	73.24
5890	1022	4088	72.40
5989	1022	4088	72.40
6089	1003	4012	71.08
6190	1022	4088	72.40
6289	1028	4112	72.82
6389	1141	4564	80.72
6490	1135	4540	80.30
6589	1003	4012	71.08
6689	1021	4084	72.33
6790	1115	4460	78.90
6890	1128	4512	79.81
6990	1054	4216	74.64
7090	1047	4188	74.15
7190	1041	4164	73.73
7290	1022	4088	72.40
7390	1122	4488	79.39
7490	1015	4060	71.91
7590	1128	4512	79.81
7690	1041	4164	73.73
7790	1053	4212	74.57
7890	1047	4188	74.15
7990	1003	4012	71.08
8090	1021	4084	72.33
8190	1048	4192	74.22
8290	1016	4064	71.98
8390	1035	4140	73.31
8491	1022	4088	72.40
8590	1022	4088	72.40
8690	1002	4008	71.01
8791	1029	4116	72.89
8890	1035	4140	73.31
8990	1016	4064	71.98
9091	1041	4164	73.73
9190	1041	4164	73.73
9290	1022	4088	72.40
9391	1009	4036	71.50
9490	1016	4064	71.98
9590	1034	4136	73.24
9691	1022	4088	72.40
9790	1022	4088	72.40
9890	1002	4008	71.01
9990	1002	4008	71.01
10090	996	3984	70.59
10190	1116	4464	78.97
10290	1116	4464	78.97
10390	996	3984	70.59
10490	1022	4088	72.40
10590	1122	4488	79.39
10690	1134	4536	80.23
10790	1128	4512	79.81
10890	1128	4512	79.81
10990	1115	4460	78.90
11090	1134	4536	80.23
11190	1028	4112	72.82
11290	1022	4088	72.40
11390	1003	4012	71.08
11490	1047	4188	74.15
11590	1127	4508	79.74
11691	1047	4188	74.15
11790	1016	4064	71.98
11890	1003	4012	71.08
11991	984	3936	69.75
12090	983	3932	69.68
12190	1008	4032	71.43
12291	1028	4112	72.82
12390	1003	4012	71.08
12490	1015	4060	71.91
12591	1002	4008	71.01
12690	1134	4536	80.23
12790	1028	4112	72.82
12891	1109	4436	78.48
12990	1009	4036	71.50
13090	1028	4112	72.82
13190	1029	4116	72.89
13290	983	3932	69.68
13390	1002	4008	71.01
13490	1078	4312	76.32
13590	989	3956	70.10
13690	1009	4036	71.50
13790	1009	4036	71.50
13890	1035	4140	73.31
13990	983	3932	69.68
14090	1015	4060	71.91
14190	1009	4036	71.50
14290	1028	4112	72.82
14390	996	3984	70.59
14490	1016	4064	71.98
14590	1009	4036	71.50
14690	1003	4012	71.08
14790	1021	4084	72.33
14891	1009	4036	71.50
14990	1009	4036	71.50
15090	1028	4112	72.82
15191	1054	4216	74.64
15290	1022	4088	72.40
15390	1003	4012	71.08
15491	1028	4112	72.82
15590	1028	4112	72.82
15690	1009	4036	71.50
15791	1035	4140	73.31
15890	997	3988	70.66
15990	1021	4084	72.33
16091	1047	4188	74.15
16190	1009	4036	71.50
16290	1028	4112	72.82
16390	997	3988	70.66
16490	1021	4084	72.33
16590	1003	4012	71.08
16690	1002	4008	71.01
16790	984	3936	69.75
16890	1009	4036	71.50
16990	977	3908	69.26
17090	990	3960	70.17
17190	1016	4064	71.98
17290	983	3932	69.68
17390	1002	4008	71.01
17490	983	3932	69.68
17590	997	3988	70.66
17690	1009	4036	71.50
17790	1003	4012	71.08
17890	1003	4012	71.08
17990	983	3932	69.68
18091	1009	4036	71.50
18190	1009	4036	71.50
18290	996	3984	70.59
18391	977	3908	69.26
18490	1009	4036	71.50
18590	1003	4012	71.08
18691	1022	4088	72.40
18790	996	3984	70.59
18890	1009	4036	71.50
18991	996	3984	70.59
19090	1002	4008	71.01
19190	983	3932	69.68
19291	1047	4188	74.15
19390	1009	4036	71.50
19490	1028	4112	72.82
19590	996	3984	70.59
19690	984	3936	69.75
19790	1034	4136	73.24
19890	1009	4036	71.50
19990	1022	4088	72.40
20090	1047	4188	74.15
20190	1009	4036	71.50
20290	990	3960	70.17
20390	1015	4060	71.91
20490	1022	4088	72.40
20590	1134	4536	80.23
20690	1028	4112	72.82
20790	1028	4112	72.82
20890	1115	4460	78.90
20990	1134	4536	80.23
21090	1034	4136	73.24
21190	1015	4060	71.91
21291	1078	4312	76.32
21390	1009	4036	71.50
21490	1028	4112	72.82
21591	1046	4184	74.08
21690	1008	4032	71.43
21790	1035	4140	73.31
21891	1015	4060	71.91
21990	1015	4060	71.91
22090	1002	4008	71.01
22191	1022	4088	72.40
22290	989	3956	70.10
22390	1115	4460	78.90
22491	1003	4012	71.08
22590	1002	4008	71.01
22690	1021	4084	72.33
22790	1022	4088	72.40
22890	1009	4036	71.50
22990	1028	4112	72.82
23090	990	3960	70.17
23190	1015	4060	71.91
23290	1002	4008	71.01
23390	1009	4036	71.50
23490	990	3960	70.17
23590	1015	4060	71.91
23690	1009	4036	71.50
23790	1002	4008	71.01
23890	983	3932	69.68
23990	984	3936	69.75
24090	1009	4036	71.50
24190	1028	4112	72.82
24290	1134	4536	80.23
24390	1021	4084	72.33
24491	1115	4460	78.90
24590	1134	4536	80.23
24690	1028	4112	72.82
24791	1128	4512	79.81
24890	1135	4540	80.30
24990	1135	4540	80.30
25091	1128	4512	79.81
25190	1059	4236	74.99
25290	1135	4540	80.30
25391	1028	4112	72.82
25490	1029	4116	72.89
25590	1128	4512	79.81
25691	1135	4540	80.30
25790	1141	4564	80.72
25890	1028	4112	72.82
25990	1135	4540	80.30
26090	1009	4036	71.50
26190	1135	4540	80.30
26290	1135	4540	80.30
26390	1141	4564	80.72
26490	1141	4564	80.72
26590	1134	4536	80.23
26690	1135	4540	80.30
26790	1141	4564	80.72
26890	1009	4036	71.50
26990	1034	4136	73.24
27090	1022	4088	72.40
27190	1022	4088	72.40
27290	1041	4164	73.73
27390	1028	4112	72.82
27490	1028	4112	72.82
27590	1016	4064	71.98
27691	1048	4192	74.22
27790	1003	4012	71.08
27890	1021	4084	72.33
27991	1047	4188	74.15
28090	1048	4192	74.22
28190	1028	4112	72.82
28291	1022	4088	72.40
28390	1022	4088	72.40
28490	1035	4140	73.31
28591	1028	4112	72.82
28690	1028	4112	72.82
28790	1141	4564	80.72
28891	1134	4536	80.23
28990	1003	4012	71.08
29090	1022	4088	72.40
29190	1022	4088	72.40
29290	1141	4564	80.72
29390	1029	4116	72.89
29490	1028	4112	72.82
29590	1022	4088	72.40
29690	1041	4164	73.73
29790	1041	4164	73.73
29890	1128	4512	79.81
29990	1141	4564	80.72
30090	1122	4488	79.39
30190	1134	4536	80.23
30290	1128	4512	79.81
30390	1128	4512	79.81
30490	1134	4536	80.23
30590	1129	4516	79.88
30690	1135	4540	80.30
30790	1135	4540	80.30
30891	1135	4540	80.30
30990	1135	4540	80.30
31090	1140	4560	80.65
31191	1141	4564	80.72
31290	1135	4540	80.30
31390	1135	4540	80.30
31491	1135	4540	80.30
31590	1135	4540	80.30
31690	1135	4540	80.30
31791	1141	4564	80.72
31890	1135	4540	80.30
31990	1135	4540	80.30
32091	1135	4540	80.30
32190	1135	4540	80.30
32290	1135	4540	80.30
32390	1116	4464	78.97
32490	1135	4540	80.30
32590	1135	4540	80.30
32690	1128	4512	79.81
32790	1016	4064	71.98
32890	1135	4540	80.30
32990	1128	4512	79.81
33090	1022	4088	72.40
33190	1027	4108	72.75
33290	1002	4008	71.01
33390	1014	4056	71.84
33490	1057	4228	74.85
33590	1051	4204	74.43
33690	1177	4708	83.23
33790	1037	4148	73.45
33890	1053	4212	74.57
33990	1088	4352	77.01
34091	1156	4624	81.76
34191	1221	4884	86.31
34291	1301	5204	91.89
34392	1409	5636	99.44
34491	1444	5776	101.89
34593	1739	6956	122.49
34693	1664	6656	117.25
34792	1536	6144	108.31
34892	1639	6556	115.51
34993	1593	6372	112.29
35092	1571	6284	110.76
35192	1538	6152	108.45
35287	87	348	7.08
35386	65	260	5.55
35486	56	224	4.92
35586	58	232	5.06
35686	50	200	4.50
35786	46	184	4.22
35886	44	176	4.08
35986	37	148	3.59
36086	39	156	3.73
36186	39	156	3.73
36286	39	156	3.73
36386	40	160	3.80
36486	41	164	3.87
36586	33	132	3.31
36686	30	120	3.10
36786	29	116	3.03
36886	29	116	3.03
36986	32	128	3.24
37086	44	176	4.08
37186	45	180	4.15
37286	50	200	4.50
37386	66	264	5.62
37557	17653	5076	89.66
37586	77	308	6.38
37686	70	280	5.90
37857	17654	5080	89.73
37957	17653	5076	89.66
38056	17654	5080	89.73
38157	17654	5080	89.73
38257	17652	5072	89.59
38356	17653	5076	89.66
38457	17654	5080	89.73
38557	17653	5076	89.66
38657	17652	5072	89.59
38757	17652	5072	89.59
38787	263	1052	19.38
38957	17652	5072	89.59
39057	17654	5080	89.73
39156	17653	5076	89.66
39257	17653	5076	89.66
39357	17654	5080	89.73
39387	220	880	16.37
39487	281	1124	20.64
39657	17653	5076	89.66
39756	17652	5072	89.59
39857	17652	5072	89.59
39957	17653	5076	89.66
40056	17652	5072	89.59
40157	17653	5076	89.66
40257	17654	5080	89.73
40356	17653	5076	89.66
40388	566	2264	40.55
40557	17654	5080	89.73
40656	17654	5080	89.73
40757	17655	5084	89.80
40857	17656	5088	89.87
40956	17655	5084	89.80
41057	17654	5080	89.73
41157	17653	5076	89.66
41256	17654	5080	89.73
41286	71	284	5.97
41387	32	128	3.24
41486	115	460	9.04
41592	1536	6144	108.31
41693	1518	6072	107.05
41792	1480	5920	104.40
41892	1498	5992	105.66
41992	1535	6140	108.24
42092	1524	6096	107.47
42192	1549	6196	109.22
42292	1547	6188	109.08
42392	1482	5928	104.54
42492	1516	6064	106.92
42592	1517	6068	106.98
