setup
TCCR3B = 3
/setup
Roopsa_Ultrasonic_20cm
557	1129	4516	0.00
656	1128	4512	0.00
756	1128	4512	0.00
857	1128	4512	0.00
956	1128	4512	0.00
1056	1128	4512	0.00
1157	1128	4512	0.00
1256	1128	4512	0.00
1356	1128	4512	0.00
1457	1129	4516	0.00
1557	1128	4512	0.00
1657	1129	4516	0.00
1757	1129	4516	0.00
1857	1129	4516	0.00
1957	1128	4512	0.00
2057	1129	4516	0.00
2157	1129	4516	0.00
2257	1129	4516	0.00
2357	1129	4516	0.00
2457	1129	4516	0.00
2557	1129	4516	0.00
2657	1129	4516	0.00
2757	1129	4516	0.00
2857	1129	4516	0.00
2957	1128	4512	0.00
3057	1128	4512	0.00
3158	1129	4516	0.00
3257	1129	4516	0.00
3357	1129	4516	0.00
3458	1129	4516	0.00
3557	1129	4516	0.00
3657	1129	4516	0.00
3758	1129	4516	0.00
3857	1128	4512	0.00
3957	1129	4516	0.00
4058	1129	4516	0.00
4157	1129	4516	0.00
4257	1129	4516	0.00
4358	1129	4516	0.00
4458	1129	4516	0.00
4558	1128	4512	0.00
4658	1128	4512	0.00
4758	1128	4512	0.00
4858	1128	4512	0.00
4958	1128	4512	0.00
5058	1128	4512	0.00
5158	1129	4516	0.00
5258	1129	4516	0.00
5358	1128	4512	0.00
5458	1128	4512	0.00
5558	1128	4512	0.00
5658	1128	4512	0.00
5758	1127	4508	0.00
5858	1128	4512	0.00
5958	1127	4508	0.00
6059	1127	4508	0.00
6158	1128	4512	0.00
6258	1128	4512	0.00
6359	1128	4512	0.00
6458	1128	4512	0.00
6558	1128	4512	0.00
6659	1128	4512	0.00
6758	1128	4512	0.00
6858	1128	4512	0.00
6959	1128	4512	0.00
7058	1128	4512	0.00
7158	1128	4512	0.00
7259	1127	4508	0.00
7358	1128	4512	0.00
7458	1127	4508	0.00
7558	1127	4508	0.00
7658	1128	4512	0.00
7758	1128	4512	0.00
7858	1129	4516	0.00
7958	1129	4516	0.00
8058	1128	4512	0.00
8158	1129	4516	0.00
8258	1128	4512	0.00
8358	1128	4512	0.00
8458	1128	4512	0.00
8558	1128	4512	0.00
8658	1128	4512	0.00
8758	1128	4512	0.00
8858	1129	4516	0.00
8958	1129	4516	0.00
9058	1129	4516	0.00
9158	1129	4516	0.00
9259	1128	4512	0.00
9358	1129	4516	0.00
9458	1129	4516	0.00
9559	1128	4512	0.00
9658	1128	4512	0.00
9758	1128	4512	0.00
9859	1129	4516	0.00
9958	1129	4516	0.00
10058	1128	4512	0.00
10159	1128	4512	0.00
10258	1128	4512	0.00
10358	1128	4512	0.00
10459	1129	4516	0.00
10558	1128	4512	0.00
10658	1128	4512	0.00
10758	1129	4516	0.00
10858	1128	4512	0.00
10958	1128	4512	0.00
11058	1128	4512	0.00
11158	1129	4516	0.00
11258	1129	4516	0.00
11358	1129	4516	0.00
11458	1128	4512	0.00
11558	1128	4512	0.00
11658	1128	4512	0.00
11758	1128	4512	0.00
11858	1129	4516	0.00
11958	1129	4516	0.00
12058	1128	4512	0.00
12158	1128	4512	0.00
12258	1128	4512	0.00
12358	1129	4516	0.00
12459	1129	4516	0.00
12558	1128	4512	0.00
12658	1128	4512	0.00
12759	1129	4516	0.00
12858	1129	4516	0.00
12958	1134	4536	0.00
13059	1129	4516	0.00
13158	1129	4516	0.00
13258	1129	4516	0.00
13359	1134	4536	0.00
13458	1129	4516	0.00
13558	1129	4516	0.00
13659	1128	4512	0.00
13758	1128	4512	0.00
13858	1128	4512	0.00
13958	1128	4512	0.00
14058	1128	4512	0.00
14158	1129	4516	0.00
14258	1129	4516	0.00
14358	1129	4516	0.00
14458	1129	4516	0.00
14558	1128	4512	0.00
14658	1129	4516	0.00
14758	1129	4516	0.00
14858	1129	4516	0.00
14958	1129	4516	0.00
15058	1129	4516	0.00
15158	1129	4516	0.00
15258	1128	4512	0.00
15358	1129	4516	0.00
15458	1129	4516	0.00
15558	1129	4516	0.00
15659	1128	4512	0.00
15758	1129	4516	0.00
15858	1128	4512	0.00
15959	1127	4508	0.00
16058	1128	4512	0.00
16158	1129	4516	0.00
16259	1128	4512	0.00
16358	1129	4516	0.00
16458	1128	4512	0.00
16559	1128	4512	0.00
16658	1128	4512	0.00
16758	1128	4512	0.00
16859	1129	4516	0.00
16958	1128	4512	0.00
17058	1128	4512	0.00
17158	1128	4512	0.00
17258	1129	4516	0.00
17358	1129	4516	0.00
17458	1129	4516	0.00
17558	1128	4512	0.00
17658	1129	4516	0.00
17758	1129	4516	0.00
17858	1129	4516	0.00
17958	1128	4512	0.00
18058	1128	4512	0.00
18158	1128	4512	0.00
18258	1129	4516	0.00
18358	1129	4516	0.00
18458	1128	4512	0.00
18558	1128	4512	0.00
18658	1128	4512	0.00
18758	1129	4516	0.00
18859	1128	4512	0.00
18958	1129	4516	0.00
19058	1129	4516	0.00
19159	1128	4512	0.00
19258	1129	4516	0.00
19358	1129	4516	0.00
19459	1129	4516	0.00
19558	1129	4516	0.00
19658	1128	4512	0.00
19759	1129	4516	0.00
19858	1129	4516	0.00
19958	1129	4516	0.00
20059	1128	4512	0.00
20158	1128	4512	0.00
20258	1129	4516	0.00
20358	1129	4516	0.00
20458	1128	4512	0.00
20558	1129	4516	0.00
20658	1129	4516	0.00
20758	1128	4512	0.00
20858	1128	4512	0.00
20958	1128	4512	0.00
21058	1129	4516	0.00
21158	1129	4516	0.00
21258	1129	4516	0.00
21358	1129	4516	0.00
21458	1128	4512	0.00
21558	1128	4512	0.00
21658	1129	4516	0.00
21758	1129	4516	0.00
21858	1128	4512	0.00
21958	1128	4512	0.00
22059	1129	4516	0.00
22158	1128	4512	0.00
22258	1129	4516	0.00
22359	1128	4512	0.00
22458	1129	4516	0.00
22558	1129	4516	0.00
22659	1128	4512	0.00
22758	1128	4512	0.00
22858	1128	4512	0.00
22959	1129	4516	0.00
23058	1129	4516	0.00
23158	1129	4516	0.00
23259	1129	4516	0.00
23358	1128	4512	0.00
23458	1129	4516	0.00
23558	1129	4516	0.00
23658	1128	4512	0.00
23758	1128	4512	0.00
23858	1128	4512	0.00
23958	1127	4508	0.00
24058	1129	4516	0.00
24158	1129	4516	0.00
24258	1128	4512	0.00
24358	1129	4516	0.00
24458	1128	4512	0.00
24558	1129	4516	0.00
24658	1129	4516	0.00
24758	1129	4516	0.00
24858	1128	4512	0.00
24958	1129	4516	0.00
25058	1129	4516	0.00
25158	1128	4512	0.00
25259	1128	4512	0.00
25358	1127	4508	0.00
25458	1128	4512	0.00
25559	1128	4512	0.00
25658	1128	4512	0.00
25758	1128	4512	0.00
25859	1129	4516	0.00
25958	1128	4512	0.00
26058	1129	4516	0.00
26159	1129	4516	0.00
26258	1128	4512	0.00
26358	1129	4516	0.00
26459	1129	4516	0.00
26558	1129	4516	0.00
26658	1129	4516	0.00
26758	1129	4516	0.00
26858	1128	4512	0.00
26958	1129	4516	0.00
27058	1129	4516	0.00
27158	1129	4516	0.00
27258	1128	4512	0.00
27358	1128	4512	0.00
27458	1128	4512	0.00
27558	1129	4516	0.00
27658	1129	4516	0.00
27758	1128	4512	0.00
27858	1129	4516	0.00
27958	1129	4516	0.00
28058	1128	4512	0.00
28158	1129	4516	0.00
28258	1129	4516	0.00
28358	1128	4512	0.00
28459	1128	4512	0.00
28558	1128	4512	0.00
28658	1129	4516	0.00
28759	1129	4516	0.00
28858	1128	4512	0.00
28958	1128	4512	0.00
29059	1129	4516	0.00
29158	1129	4516	0.00
29258	1129	4516	0.00
29359	1129	4516	0.00
29458	1129	4516	0.00
29558	1129	4516	0.00
29659	1129	4516	0.00
29758	1129	4516	0.00
29858	1129	4516	0.00
29958	1128	4512	0.00
30058	1129	4516	0.00
30158	1128	4512	0.00
30258	1129	4516	0.00
30358	1129	4516	0.00
30458	1129	4516	0.00
30558	1129	4516	0.00
30658	1128	4512	0.00
30758	1129	4516	0.00
30858	1129	4516	0.00
30958	1129	4516	0.00
31058	1129	4516	0.00
31158	1128	4512	0.00
31258	1129	4516	0.00
31358	1128	4512	0.00
31458	1129	4516	0.00
31558	1129	4516	0.00
31659	1129	4516	0.00
31758	1129	4516	0.00
31858	1128	4512	0.00
31959	1129	4516	0.00
32058	1129	4516	0.00
32158	1129	4516	0.00
32259	1129	4516	0.00
32358	1128	4512	0.00
32458	1129	4516	0.00
32559	1129	4516	0.00
32658	1129	4516	0.00
32758	1128	4512	0.00
32859	1128	4512	0.00
32958	1128	4512	0.00
33058	1129	4516	0.00
33158	1129	4516	0.00
33258	1128	4512	0.00
33358	1129	4516	0.00
33458	1129	4516	0.00
33558	1129	4516	0.00
33658	1128	4512	0.00
33758	1128	4512	0.00
33858	1129	4516	0.00
33958	1129	4516	0.00
34058	1128	4512	0.00
34158	1129	4516	0.00
34258	1129	4516	0.00
34358	1129	4516	0.00
34458	1128	4512	0.00
34558	1129	4516	0.00
34658	1128	4512	0.00
34758	1128	4512	0.00
34859	1129	4516	0.00
34958	1128	4512	0.00
35058	1129	4516	0.00
35159	1128	4512	0.00
35258	1128	4512	0.00
35358	1129	4516	0.00
35459	1128	4512	0.00
35558	1129	4516	0.00
35658	1128	4512	0.00
35759	1129	4516	0.00
35858	1129	4516	0.00
35958	1129	4516	0.00
36059	1129	4516	0.00
36158	1128	4512	0.00
36258	1129	4516	0.00
36358	1135	4540	0.00
36458	1128	4512	0.00
36558	1129	4516	0.00
36658	1128	4512	0.00
36758	1128	4512	0.00
36858	1129	4516	0.00
36958	1128	4512	0.00
37058	1129	4516	0.00
37158	1128	4512	0.00
37258	1129	4516	0.00
37358	1129	4516	0.00
37458	1128	4512	0.00
37558	1129	4516	0.00
37658	1128	4512	0.00
37758	1129	4516	0.00
37858	1128	4512	0.00
37958	1129	4516	0.00
38059	1129	4516	0.00
38158	1129	4516	0.00
38258	1128	4512	0.00
38359	1128	4512	0.00
38458	1128	4512	0.00
38558	1129	4516	0.00
38659	1129	4516	0.00
38758	1129	4516	0.00
38858	1129	4516	0.00
38959	1129	4516	0.00
39058	1128	4512	0.00
39158	1129	4516	0.00
39259	1128	4512	0.00
39358	1128	4512	0.00
39458	1129	4516	0.00
39558	1128	4512	0.00
39658	1129	4516	0.00
39758	1128	4512	0.00
39858	1129	4516	0.00
39958	1129	4516	0.00
40058	1129	4516	0.00
40158	1129	4516	0.00
40258	1129	4516	0.00
40358	1129	4516	0.00
40458	1129	4516	0.00
40558	1128	4512	0.00
40658	1129	4516	0.00
40758	1129	4516	0.00
40858	1128	4512	0.00
40958	1128	4512	0.00
41058	1128	4512	0.00
41158	1128	4512	0.00
41259	1129	4516	0.00
41358	1129	4516	0.00
41458	1129	4516	0.00
41559	1128	4512	0.00
41658	1129	4516	0.00
41758	1129	4516	0.00
41859	1129	4516	0.00
41958	1129	4516	0.00
42058	1128	4512	0.00
42159	1129	4516	0.00
42258	1128	4512	0.00
42358	1128	4512	0.00
42459	1129	4516	0.00
42558	1129	4516	0.00
42658	1129	4516	0.00
42758	1129	4516	0.00
42858	1129	4516	0.00
42958	1129	4516	0.00
43058	1129	4516	0.00
43158	1128	4512	0.00
43258	1129	4516	0.00
43358	1129	4516	0.00
43458	1128	4512	0.00
43558	1129	4516	0.00
43658	1129	4516	0.00
43758	1128	4512	0.00
43858	1129	4516	0.00
43958	1129	4516	0.00
44058	1129	4516	0.00
44158	1129	4516	0.00
44258	1129	4516	0.00
44358	1129	4516	0.00
44459	1129	4516	0.00
44558	1129	4516	0.00
44658	1128	4512	0.00
44759	1129	4516	0.00
44858	1129	4516	0.00
44958	1129	4516	0.00
45059	1129	4516	0.00
45158	1129	4516	0.00
45258	1129	4516	0.00
45359	1128	4512	0.00
45458	1128	4512	0.00
45558	1129	4516	0.00
45659	1128	4512	0.00
45758	1128	4512	0.00
45858	1129	4516	0.00
45958	1129	4516	0.00
46058	1129	4516	0.00
46158	1128	4512	0.00
46258	1128	4512	0.00
46358	1129	4516	0.00
46458	1128	4512	0.00
46558	1128	4512	0.00
46658	1129	4516	0.00
46758	1129	4516	0.00
46858	1128	4512	0.00
46958	1134	4536	0.00
47058	1128	4512	0.00
47158	1128	4512	0.00
47258	1134	4536	0.00
47358	1128	4512	0.00
47458	1128	4512	0.00
47558	1128	4512	0.00
47659	1134	4536	0.00
47758	1134	4536	0.00
47858	1128	4512	0.00
47959	1134	4536	0.00
48058	1129	4516	0.00
48158	1133	4532	0.00
48259	1129	4516	0.00
48358	1127	4508	0.00
48458	1134	4536	0.00
48559	1128	4512	0.00
48658	1128	4512	0.00
48758	1129	4516	0.00
48859	1134	4536	0.00
48958	1133	4532	0.00
49058	1128	4512	0.00
49158	1128	4512	0.00
49258	1128	4512	0.00
49358	1128	4512	0.00
49458	1129	4516	0.00
49558	1128	4512	0.00
49658	1124	4496	0.00
49758	1131