setup
TCCR3B = 3
/setup
Jolie_Ultrasonic_200cm
493	2881	11524	0.00
593	2881	11524	0.00
694	2881	11524	0.00
793	2881	11524	0.00
893	2882	11528	0.00
994	2882	11528	0.00
1093	2881	11524	0.00
1193	2875	11500	0.00
1293	2881	11524	0.00
1393	2887	11548	0.00
1494	2880	11520	0.00
1593	2880	11520	0.00
1693	2881	11524	0.00
1794	2887	11548	0.00
1893	2881	11524	0.00
1993	2880	11520	0.00
2094	2888	11552	0.00
2193	2888	11552	0.00
2293	2881	11524	0.00
2394	2875	11500	0.00
2493	2882	11528	0.00
2593	2887	11548	0.00
2694	2880	11520	0.00
2793	2880	11520	0.00
2893	2882	11528	0.00
2994	2881	11524	0.00
3093	2887	11548	0.00
3193	2875	11500	0.00
3294	2882	11528	0.00
3393	2881	11524	0.00
3493	2887	11548	0.00
3594	2875	11500	0.00
3693	2874	11496	0.00
3793	2881	11524	0.00
3894	2881	11524	0.00
3993	2881	11524	0.00
4093	2876	11504	0.00
4194	2881	11524	0.00
4293	2881	11524	0.00
4393	2882	11528	0.00
4493	2881	11524	0.00
4593	2882	11528	0.00
4694	2881	11524	0.00
4793	2881	11524	0.00
4893	2875	11500	0.00
4994	2881	11524	0.00
5093	2887	11548	0.00
5193	2881	11524	0.00
5294	2881	11524	0.00
5393	2876	11504	0.00
5493	2881	11524	0.00
5594	2882	11528	0.00
5693	2882	11528	0.00
5793	2888	11552	0.00
5894	2882	11528	0.00
5993	2881	11524	0.00
6093	2882	11528	0.00
6194	2880	11520	0.00
6293	2881	11524	0.00
6393	2881	11524	0.00
6494	2887	11548	0.00
6593	2887	11548	0.00
6693	2880	11520	0.00
6794	2887	11548	0.00
6893	2881	11524	0.00
6993	2886	11544	0.00
7094	2881	11524	0.00
7193	2880	11520	0.00
7293	2887	11548	0.00
7394	2880	11520	0.00
7493	2880	11520	0.00
7593	2875	11500	0.00
7693	2874	11496	0.00
7793	2886	11544	0.00
7894	2880	11520	0.00
7993	2881	11524	0.00
8093	2886	11544	0.00
8194	2886	11544	0.00
8293	2881	11524	0.00
8393	2881	11524	0.00
8494	2886	11544	0.00
8593	2886	11544	0.00
8693	2881	11524	0.00
8794	2875	11500	0.00
8893	2874	11496	0.00
8993	2886	11544	0.00
9094	2880	11520	0.00
9193	2881	11524	0.00
9293	2886	11544	0.00
9394	2880	11520	0.00
9493	2880	11520	0.00
9593	2880	11520	0.00
9694	2881	11524	0.00
9793	2887	11548	0.00
9893	2886	11544	0.00
9994	2881	11524	0.00
10093	2874	11496	0.00
10193	2880	11520	0.00
10294	2874	11496	0.00
10393	2880	11520	0.00
10493	2882	11528	0.00
10594	2881	11524	0.00
10693	2880	11520	0.00
10793	2874	11496	0.00
10893	2881	11524	0.00
10993	2881	11524	0.00
11094	2880	11520	0.00
11193	2880	11520	0.00
11293	2882	11528	0.00
11394	2881	11524	0.00
11493	2880	11520	0.00
11593	2875	11500	0.00
11694	2887	11548	0.00
11793	2886	11544	0.00
11893	2880	11520	0.00
11994	2875	11500	0.00
12093	2875	11500	0.00
12193	2880	11520	0.00
12294	2875	11500	0.00
12393	2881	11524	0.00
12493	2875	11500	0.00
12594	2880	11520	0.00
12693	2880	11520	0.00
12793	2874	11496	0.00
12894	2886	11544	0.00
12993	2888	11552	0.00
13093	2881	11524	0.00
13194	2876	11504	0.00
13293	2874	11496	0.00
13393	2887	11548	0.00
13494	2874	11496	0.00
13593	2874	11496	0.00
13693	2886	11544	0.00
13794	2880	11520	0.00
13893	2881	11524	0.00
13993	2875	11500	0.00
14093	2881	11524	0.00
14193	2887	11548	0.00
14294	2880	11520	0.00
14393	2881	11524	0.00
14493	2875	11500	0.00
14594	2880	11520	0.00
14693	2881	11524	0.00
14793	2881	11524	0.00
14894	2888	11552	0.00
14993	2881	11524	0.00
15093	2881	11524	0.00
15194	2880	11520	0.00
15293	2881	11524	0.00
15393	2887	11548	0.00
15494	2880	11520	0.00
15593	2881	11524	0.00
15693	2875	11500	0.00
15794	2887	11548	0.00
15893	2881	11524	0.00
15993	2881	11524	0.00
16094	2888	11552	0.00
16193	2887	11548	0.00
16293	2880	11520	0.00
16394	2875	11500	0.00
16493	2875	11500	0.00
16593	2888	11552	0.00
16694	2874	11496	0.00
16793	2875	11500	0.00
16893	2888	11552	0.00
16994	2881	11524	0.00
17093	2881	11524	0.00
17193	2875	11500	0.00
17293	2875	11500	0.00
17393	2888	11552	0.00
17490	2217	8868	0.00
17593	2881	11524	0.00
17693	2875	11500	0.00
17794	2881	11524	0.00
17893	2881	11524	0.00
17993	2875	11500	0.00
18093	2526	10104	0.00
18193	2876	11504	0.00
18293	2881	11524	0.00
18394	2875	11500	0.00
18490	2142	8568	0.00
18591	2267	9068	0.00
18691	2186	8744	0.00
18790	2218	8872	0.00
18890	2181	8724	0.00
18991	2192	8768	0.00
19090	2222	8888	0.00
19191	2469	9876	0.00
19291	2198	8792	0.00
19390	2236	8944	0.00
19490	2086	8344	0.00
19591	2204	8816	0.00
19690	2241	8964	0.00
19790	2175	8700	0.00
19891	2217	8868	0.00
19991	2285	9140	0.00
20093	2876	11504	0.00
20194	2881	11524	0.00
20293	2881	11524	0.00
20392	2576	10304	0.00
20492	2583	10332	0.00
20593	2887	11548	0.00
20694	2881	11524	0.00
20793	2880	11520	0.00
20893	2875	11500	0.00
20994	2882	11528	0.00
21093	2887	11548	0.00
21193	2881	11524	0.00
21294	2887	11548	0.00
21393	2881	11524	0.00
21493	2881	11524	0.00
21594	2882	11528	0.00
21693	2875	11500	0.00
21793	2887	11548	0.00
21894	2882	11528	0.00
21993	2881	11524	0.00
22093	2882	11528	0.00
22194	2880	11520	0.00
22293	2881	11524	0.00
22393	2881	11524	0.00
22494	2887	11548	0.00
22593	2887	11548	0.00
22693	2881	11524	0.00
22794	2881	11524	0.00
22893	2875	11500	0.00
22993	2887	11548	0.00
23094	2881	11524	0.00
23193	2881	11524	0.00
23293	2875	11500	0.00
23394	2881	11524	0.00
23493	2887	11548	0.00
23593	2874	11496	0.00
23693	2875	11500	0.00
23793	2887	11548	0.00
23894	2881	11524	0.00
23993	2880	11520	0.00
24093	2875	11500	0.00
24193	2558	10232	0.00
24293	2878	11512	0.00
24393	2873	11492	0.00
24491	2196	8784	0.00
24591	2341	9364	0.00
24689	1855	7420	0.00
24791	2019	8076	0.00
24890	2217	8868	0.00
24991	2266	9064	0.00
25091	2223	8892	0.00
25191	2253	9012	0.00
25291	2310	9240	0.00
25391	2061	8244	0.00
25493	2879	11516	0.00
25591	2491	9964	0.00
25691	2074	8296	0.00
25790	2203	8812	0.00
25890	2122	8488	0.00
25991	1988	7952	0.00
26091	2384	9536	0.00
26193	2885	11540	0.00
26292	2261	9044	0.00
26393	2871	11484	0.00
26493	2873	11492	0.00
26594	2879	11516	0.00
26693	2879	11516	0.00
26790	2185	8740	0.00
26890	2185	8740	0.00
26993	2884	11536	0.00
27094	2871	11484	0.00
27193	2878	11512	0.00
