setup
TCCR3B = 3
/setup
Roopsa_Ultrasonic_20cm
1204	221	884	16.44	
1321	4712	18848	330.19	
1422	4694	18776	328.94	
1521	4694	18776	328.94	
1622	4700	18800	329.35	
1722	4699	18796	329.28	
1821	4706	18824	329.77	
1904	248	992	18.33	
2003	155	620	11.83	
2104	265	1060	19.52	
2204	221	884	16.44	
2373	17530	4584	81.07	
2472	17530	4584	81.07	
2573	17531	4588	81.14	
2673	17528	4576	80.93	
2772	17531	4588	81.14	
2873	17530	4584	81.07	
2973	17529	4580	81.00	
3074	17531	4588	81.14	
3174	17531	4588	81.14	
3222	4721	18884	330.82	
3374	17531	4588	81.14	
3474	17531	4588	81.14	
3504	102	408	8.13	
3674	17533	4596	81.28	
3704	114	456	8.97	
3804	113	452	8.90	
3974	17533	4596	81.28	
4023	4761	19044	333.62	
4105	424	1696	30.63	
4274	17530	4584	81.07	
4374	17531	4588	81.14	
4406	576	2304	41.25	
4574	17534	4600	81.35	
4674	17533	4596	81.28	
4773	17532	4592	81.21	
4805	348	1392	25.32	
4974	17532	4592	81.21	
5073	17534	4600	81.35	
5174	17533	4596	81.28	
5274	17533	4596	81.28	
5305	196	784	14.70	
5405	354	1416	25.74	
5506	252	1008	18.61	
5673	17534	4600	81.35	
5723	4726	18904	331.17	
5874	17535	4604	81.42	
5975	17534	4600	81.35	
6024	4700	18800	329.35	
6123	4670	18680	327.26	
6275	17535	4604	81.42	
6375	17536	4608	81.49	
6423	4687	18748	328.45	
6523	4732	18928	331.59	
6675	17535	4604	81.42	
6723	4718	18872	330.61	
6823	4669	18676	327.19	
6924	4694	18776	328.94	
7008	836	3344	59.41	
7123	4663	18652	326.77	
7205	89	356	7.22	
7323	4676	18704	327.68	
7405	76	304	6.31	
7524	4682	18728	328.10	
7623	4712	18848	330.19	
7724	4693	18772	328.87	
7875	17533	4596	81.28	
7907	546	2184	39.15	
8005	118	472	9.25	
8105	87	348	7.08	
8205	100	400	7.99	
8305	82	328	6.73	
8475	17536	4608	81.49	
8507	597	2388	42.71	
8675	17535	4604	81.42	
8775	17535	4604	81.42	
8808	459	1836	33.07	
8976	17532	4592	81.21	
9006	89	356	7.22	
9176	17536	4608	81.49	
9276	17536	4608	81.49	
9324	4693	18772	328.87	
9424	4679	18716	327.89	
9576	17533	4596	81.28	
9624	4705	18820	329.70	
9724	4680	18720	327.96	
9825	4681	18724	328.03	
9924	4668	18672	327.12	
10024	4675	18700	327.61	
10125	4663	18652	326.77	
10206	88	352	7.15	
10306	100	400	7.99	
10476	17536	4608	81.49	
10506	85	340	6.94	
10606	91	364	7.36	
10776	17534	4600	81.35	
10875	17535	4604	81.42	
10976	17535	4604	81.42	
11009	464	1856	33.42	
11175	17534	4600	81.35	
11276	17535	4604	81.42	
11309	578	2312	41.38	
11408	514	2056	36.91	
11508	526	2104	37.75	
11609	527	2108	37.82	
11708	533	2132	38.24	
11808	551	2204	39.50	
11975	17535	4604	81.42	
12008	526	2104	37.75	
12108	565	2260	40.48	
12275	17536	4608	81.49	
12308	547	2188	39.22	
12476	17534	4600	81.35	
12575	17534	4600	81.35	
12608	540	2160	38.73	
12709	724	2896	51.58	
12875	17533	4596	81.28	
12976	17533	4596	81.28	
13076	17533	4596	81.28	
13175	17534	4600	81.35	
13219	3439	13756	241.26	
13320	3452	13808	242.17	
13419	3484	13936	244.40	
13519	3465	13860	243.08	
13676	17534	4600	81.35	
13719	3470	13880	243.42	
13876	17536	4608	81.49	
13976	17536	4608	81.49	
14075	17535	4604	81.42	
14176	17534	4600	81.35	
14276	17534	4600	81.35	
14375	17535	4604	81.42	
14476	17534	4600	81.35	
14576	17534	4600	81.35	
14675	17533	4596	81.28	
14709	749	2996	53.33	
14807	85	340	6.94	
14906	120	480	9.39	
15007	373	1492	27.06	
15107	221	884	16.44	
15207	239	956	17.70	
15307	239	956	17.70	
15407	228	912	16.93	
15509	720	2880	51.31	
15606	85	340	6.94	
15706	72	288	6.03	
15807	282	1128	20.71	
15907	190	760	14.28	
16007	189	756	14.21	
16107	191	764	14.35	
16207	352	1408	25.60	
16306	179	716	13.51	
16407	227	908	16.86	
16576	17534	4600	81.35	
16675	17532	4592	81.21	
16724	4689	18756	328.59	
16876	17533	4596	81.28	
16975	17534	4600	81.35	
17025	4680	18720	327.96	
17125	4699	18796	329.28	
17206	89	356	7.22	
17306	76	304	6.31	
17425	4718	18872	330.61	
17508	552	2208	39.57	
17625	4699	18796	329.28	
17725	4699	18796	329.28	
17824	4687	18748	328.45	
17925	4699	18796	329.28	
18025	4718	18872	330.61	
18120	3593	14372	252.02	
18208	559	2236	40.06	
18307	309	1236	22.59	
18407	240	960	17.77	
18507	252	1008	18.61	
18607	221	884	16.44	
18707	209	836	15.61	
18876	17533	4596	81.28	
18906	56	224	4.92	
19006	82	328	6.73	
19106	63	252	5.41	
19206	70	280	5.90	
19306	77	308	6.38	
19406	84	336	6.87	
19506	85	340	6.94	
19608	554	2216	39.71	
19707	253	1012	18.68	
19807	260	1040	19.17	
19907	240	960	17.77	
20007	248	992	18.33	
20107	310	1240	22.66	
20225	4750	19000	332.85	
20308	584	2336	41.80	
20407	428	1712	30.91	
20507	228	912	16.93	
20611	1058	4232	74.92	
20710	1043	4172	73.87	
20807	285	1140	20.92	
20908	223	892	16.58	
21007	279	1116	20.50	
21107	241	964	17.84	
21208	241	964	17.84	
21307	241	964	17.84	
21407	241	964	17.84	
21507	242	968	17.91	
21607	241	964	17.84	
21707	242	968	17.91	
21807	239	956	17.70	
21907	240	960	17.77	
22007	248	992	18.33	
22107	268	1072	19.73	
